mode: set
github.com/MarkoPoloResearchLab/ledger/internal/grpcserver/server.go:57.106,59.36 2 1
github.com/MarkoPoloResearchLab/ledger/internal/grpcserver/server.go:59.36,61.3 1 1
github.com/MarkoPoloResearchLab/ledger/internal/grpcserver/server.go:62.2,65.3 1 1
github.com/MarkoPoloResearchLab/ledger/internal/grpcserver/server.go:68.75,69.52 1 1
github.com/MarkoPoloResearchLab/ledger/internal/grpcserver/server.go:69.52,71.3 1 1
github.com/MarkoPoloResearchLab/ledger/internal/grpcserver/server.go:72.2,72.12 1 1
github.com/MarkoPoloResearchLab/ledger/internal/grpcserver/server.go:75.138,76.70 1 1
github.com/MarkoPoloResearchLab/ledger/internal/grpcserver/server.go:76.70,78.3 1 1
github.com/MarkoPoloResearchLab/ledger/internal/grpcserver/server.go:79.2,80.16 2 1
github.com/MarkoPoloResearchLab/ledger/internal/grpcserver/server.go:80.16,82.3 1 1
github.com/MarkoPoloResearchLab/ledger/internal/grpcserver/server.go:83.2,84.16 2 1
github.com/MarkoPoloResearchLab/ledger/internal/grpcserver/server.go:84.16,86.3 1 1
github.com/MarkoPoloResearchLab/ledger/internal/grpcserver/server.go:87.2,88.16 2 1
github.com/MarkoPoloResearchLab/ledger/internal/grpcserver/server.go:88.16,90.3 1 1
github.com/MarkoPoloResearchLab/ledger/internal/grpcserver/server.go:91.2,92.27 2 1
github.com/MarkoPoloResearchLab/ledger/internal/grpcserver/server.go:92.27,94.3 1 1
github.com/MarkoPoloResearchLab/ledger/internal/grpcserver/server.go:95.2,98.8 1 1
github.com/MarkoPoloResearchLab/ledger/internal/grpcserver/server.go:101.121,102.70 1 1
github.com/MarkoPoloResearchLab/ledger/internal/grpcserver/server.go:102.70,104.3 1 1
github.com/MarkoPoloResearchLab/ledger/internal/grpcserver/server.go:105.2,106.16 2 1
github.com/MarkoPoloResearchLab/ledger/internal/grpcserver/server.go:106.16,108.3 1 1
github.com/MarkoPoloResearchLab/ledger/internal/grpcserver/server.go:109.2,110.16 2 1
github.com/MarkoPoloResearchLab/ledger/internal/grpcserver/server.go:110.16,112.3 1 1
github.com/MarkoPoloResearchLab/ledger/internal/grpcserver/server.go:113.2,114.16 2 1
github.com/MarkoPoloResearchLab/ledger/internal/grpcserver/server.go:114.16,116.3 1 1
github.com/MarkoPoloResearchLab/ledger/internal/grpcserver/server.go:117.2,118.16 2 1
github.com/MarkoPoloResearchLab/ledger/internal/grpcserver/server.go:118.16,120.3 1 1
github.com/MarkoPoloResearchLab/ledger/internal/grpcserver/server.go:121.2,122.16 2 1
github.com/MarkoPoloResearchLab/ledger/internal/grpcserver/server.go:122.16,124.3 1 1
github.com/MarkoPoloResearchLab/ledger/internal/grpcserver/server.go:125.2,126.16 2 1
github.com/MarkoPoloResearchLab/ledger/internal/grpcserver/server.go:126.16,128.3 1 1
github.com/MarkoPoloResearchLab/ledger/internal/grpcserver/server.go:129.2,130.27 2 1
github.com/MarkoPoloResearchLab/ledger/internal/grpcserver/server.go:130.27,132.3 1 1
github.com/MarkoPoloResearchLab/ledger/internal/grpcserver/server.go:133.2,133.104 1 1
github.com/MarkoPoloResearchLab/ledger/internal/grpcserver/server.go:136.125,137.70 1 1
github.com/MarkoPoloResearchLab/ledger/internal/grpcserver/server.go:137.70,139.3 1 1
github.com/MarkoPoloResearchLab/ledger/internal/grpcserver/server.go:140.2,141.16 2 1
github.com/MarkoPoloResearchLab/ledger/internal/grpcserver/server.go:141.16,143.3 1 1
github.com/MarkoPoloResearchLab/ledger/internal/grpcserver/server.go:144.2,145.16 2 1
github.com/MarkoPoloResearchLab/ledger/internal/grpcserver/server.go:145.16,147.3 1 1
github.com/MarkoPoloResearchLab/ledger/internal/grpcserver/server.go:148.2,149.16 2 1
github.com/MarkoPoloResearchLab/ledger/internal/grpcserver/server.go:149.16,151.3 1 1
github.com/MarkoPoloResearchLab/ledger/internal/grpcserver/server.go:152.2,153.16 2 1
github.com/MarkoPoloResearchLab/ledger/internal/grpcserver/server.go:153.16,155.3 1 1
github.com/MarkoPoloResearchLab/ledger/internal/grpcserver/server.go:156.2,157.16 2 1
github.com/MarkoPoloResearchLab/ledger/internal/grpcserver/server.go:157.16,159.3 1 1
github.com/MarkoPoloResearchLab/ledger/internal/grpcserver/server.go:160.2,161.16 2 1
github.com/MarkoPoloResearchLab/ledger/internal/grpcserver/server.go:161.16,163.3 1 1
github.com/MarkoPoloResearchLab/ledger/internal/grpcserver/server.go:164.2,165.16 2 1
github.com/MarkoPoloResearchLab/ledger/internal/grpcserver/server.go:165.16,167.3 1 1
github.com/MarkoPoloResearchLab/ledger/internal/grpcserver/server.go:168.2,169.27 2 1
github.com/MarkoPoloResearchLab/ledger/internal/grpcserver/server.go:169.27,171.3 1 1
github.com/MarkoPoloResearchLab/ledger/internal/grpcserver/server.go:172.2,172.104 1 1
github.com/MarkoPoloResearchLab/ledger/internal/grpcserver/server.go:175.125,176.70 1 1
github.com/MarkoPoloResearchLab/ledger/internal/grpcserver/server.go:176.70,178.3 1 1
github.com/MarkoPoloResearchLab/ledger/internal/grpcserver/server.go:179.2,180.16 2 1
github.com/MarkoPoloResearchLab/ledger/internal/grpcserver/server.go:180.16,182.3 1 1
github.com/MarkoPoloResearchLab/ledger/internal/grpcserver/server.go:183.2,184.16 2 1
github.com/MarkoPoloResearchLab/ledger/internal/grpcserver/server.go:184.16,186.3 1 1
github.com/MarkoPoloResearchLab/ledger/internal/grpcserver/server.go:187.2,188.16 2 1
github.com/MarkoPoloResearchLab/ledger/internal/grpcserver/server.go:188.16,190.3 1 1
github.com/MarkoPoloResearchLab/ledger/internal/grpcserver/server.go:191.2,192.16 2 1
github.com/MarkoPoloResearchLab/ledger/internal/grpcserver/server.go:192.16,194.3 1 1
github.com/MarkoPoloResearchLab/ledger/internal/grpcserver/server.go:195.2,196.16 2 1
github.com/MarkoPoloResearchLab/ledger/internal/grpcserver/server.go:196.16,198.3 1 1
github.com/MarkoPoloResearchLab/ledger/internal/grpcserver/server.go:199.2,200.16 2 1
github.com/MarkoPoloResearchLab/ledger/internal/grpcserver/server.go:200.16,202.3 1 1
github.com/MarkoPoloResearchLab/ledger/internal/grpcserver/server.go:203.2,204.16 2 1
github.com/MarkoPoloResearchLab/ledger/internal/grpcserver/server.go:204.16,206.3 1 1
github.com/MarkoPoloResearchLab/ledger/internal/grpcserver/server.go:207.2,208.27 2 1
github.com/MarkoPoloResearchLab/ledger/internal/grpcserver/server.go:208.27,210.3 1 1
github.com/MarkoPoloResearchLab/ledger/internal/grpcserver/server.go:211.2,211.104 1 1
github.com/MarkoPoloResearchLab/ledger/internal/grpcserver/server.go:214.125,215.70 1 1
github.com/MarkoPoloResearchLab/ledger/internal/grpcserver/server.go:215.70,217.3 1 1
github.com/MarkoPoloResearchLab/ledger/internal/grpcserver/server.go:218.2,219.16 2 1
github.com/MarkoPoloResearchLab/ledger/internal/grpcserver/server.go:219.16,221.3 1 1
github.com/MarkoPoloResearchLab/ledger/internal/grpcserver/server.go:222.2,223.16 2 1
github.com/MarkoPoloResearchLab/ledger/internal/grpcserver/server.go:223.16,225.3 1 1
github.com/MarkoPoloResearchLab/ledger/internal/grpcserver/server.go:226.2,227.16 2 1
github.com/MarkoPoloResearchLab/ledger/internal/grpcserver/server.go:227.16,229.3 1 1
github.com/MarkoPoloResearchLab/ledger/internal/grpcserver/server.go:230.2,231.16 2 1
github.com/MarkoPoloResearchLab/ledger/internal/grpcserver/server.go:231.16,233.3 1 1
github.com/MarkoPoloResearchLab/ledger/internal/grpcserver/server.go:234.2,235.16 2 1
github.com/MarkoPoloResearchLab/ledger/internal/grpcserver/server.go:235.16,237.3 1 1
github.com/MarkoPoloResearchLab/ledger/internal/grpcserver/server.go:238.2,239.16 2 1
github.com/MarkoPoloResearchLab/ledger/internal/grpcserver/server.go:239.16,241.3 1 1
github.com/MarkoPoloResearchLab/ledger/internal/grpcserver/server.go:242.2,243.27 2 1
github.com/MarkoPoloResearchLab/ledger/internal/grpcserver/server.go:243.27,245.3 1 1
github.com/MarkoPoloResearchLab/ledger/internal/grpcserver/server.go:246.2,246.104 1 1
github.com/MarkoPoloResearchLab/ledger/internal/grpcserver/server.go:249.121,250.70 1 1
github.com/MarkoPoloResearchLab/ledger/internal/grpcserver/server.go:250.70,252.3 1 1
github.com/MarkoPoloResearchLab/ledger/internal/grpcserver/server.go:253.2,254.16 2 1
github.com/MarkoPoloResearchLab/ledger/internal/grpcserver/server.go:254.16,256.3 1 1
github.com/MarkoPoloResearchLab/ledger/internal/grpcserver/server.go:257.2,258.16 2 1
github.com/MarkoPoloResearchLab/ledger/internal/grpcserver/server.go:258.16,260.3 1 1
github.com/MarkoPoloResearchLab/ledger/internal/grpcserver/server.go:261.2,262.16 2 1
github.com/MarkoPoloResearchLab/ledger/internal/grpcserver/server.go:262.16,264.3 1 1
github.com/MarkoPoloResearchLab/ledger/internal/grpcserver/server.go:265.2,266.16 2 1
github.com/MarkoPoloResearchLab/ledger/internal/grpcserver/server.go:266.16,268.3 1 1
github.com/MarkoPoloResearchLab/ledger/internal/grpcserver/server.go:269.2,270.16 2 1
github.com/MarkoPoloResearchLab/ledger/internal/grpcserver/server.go:270.16,272.3 1 1
github.com/MarkoPoloResearchLab/ledger/internal/grpcserver/server.go:273.2,274.16 2 1
github.com/MarkoPoloResearchLab/ledger/internal/grpcserver/server.go:274.16,276.3 1 1
github.com/MarkoPoloResearchLab/ledger/internal/grpcserver/server.go:277.2,278.27 2 1
github.com/MarkoPoloResearchLab/ledger/internal/grpcserver/server.go:278.27,280.3 1 1
github.com/MarkoPoloResearchLab/ledger/internal/grpcserver/server.go:281.2,281.104 1 1
github.com/MarkoPoloResearchLab/ledger/internal/grpcserver/server.go:284.132,285.70 1 1
github.com/MarkoPoloResearchLab/ledger/internal/grpcserver/server.go:285.70,287.3 1 1
github.com/MarkoPoloResearchLab/ledger/internal/grpcserver/server.go:288.2,289.16 2 1
github.com/MarkoPoloResearchLab/ledger/internal/grpcserver/server.go:289.16,291.3 1 1
github.com/MarkoPoloResearchLab/ledger/internal/grpcserver/server.go:292.2,293.16 2 1
github.com/MarkoPoloResearchLab/ledger/internal/grpcserver/server.go:293.16,295.3 1 1
github.com/MarkoPoloResearchLab/ledger/internal/grpcserver/server.go:296.2,297.16 2 1
github.com/MarkoPoloResearchLab/ledger/internal/grpcserver/server.go:297.16,299.3 1 0
github.com/MarkoPoloResearchLab/ledger/internal/grpcserver/server.go:300.2,301.16 2 1
github.com/MarkoPoloResearchLab/ledger/internal/grpcserver/server.go:301.16,303.3 1 1
github.com/MarkoPoloResearchLab/ledger/internal/grpcserver/server.go:304.2,305.16 2 1
github.com/MarkoPoloResearchLab/ledger/internal/grpcserver/server.go:305.16,307.3 1 1
github.com/MarkoPoloResearchLab/ledger/internal/grpcserver/server.go:308.2,309.16 2 1
github.com/MarkoPoloResearchLab/ledger/internal/grpcserver/server.go:309.16,311.3 1 1
github.com/MarkoPoloResearchLab/ledger/internal/grpcserver/server.go:313.2,313.40 1 1
github.com/MarkoPoloResearchLab/ledger/internal/grpcserver/server.go:313.40,315.17 2 1
github.com/MarkoPoloResearchLab/ledger/internal/grpcserver/server.go:315.17,317.4 1 1
github.com/MarkoPoloResearchLab/ledger/internal/grpcserver/server.go:318.3,319.28 2 1
github.com/MarkoPoloResearchLab/ledger/internal/grpcserver/server.go:319.28,321.4 1 1
github.com/MarkoPoloResearchLab/ledger/internal/grpcserver/server.go:322.3,322.114 1 1
github.com/MarkoPoloResearchLab/ledger/internal/grpcserver/server.go:325.2,325.47 1 1
github.com/MarkoPoloResearchLab/ledger/internal/grpcserver/server.go:325.47,327.17 2 1
github.com/MarkoPoloResearchLab/ledger/internal/grpcserver/server.go:327.17,329.4 1 1
github.com/MarkoPoloResearchLab/ledger/internal/grpcserver/server.go:330.3,331.28 2 1
github.com/MarkoPoloResearchLab/ledger/internal/grpcserver/server.go:331.28,333.4 1 0
github.com/MarkoPoloResearchLab/ledger/internal/grpcserver/server.go:334.3,334.114 1 1
github.com/MarkoPoloResearchLab/ledger/internal/grpcserver/server.go:337.2,337.77 1 1
github.com/MarkoPoloResearchLab/ledger/internal/grpcserver/server.go:340.129,342.20 2 1
github.com/MarkoPoloResearchLab/ledger/internal/grpcserver/server.go:342.20,344.3 1 1
github.com/MarkoPoloResearchLab/ledger/internal/grpcserver/server.go:346.2,346.70 1 1
github.com/MarkoPoloResearchLab/ledger/internal/grpcserver/server.go:346.70,348.3 1 1
github.com/MarkoPoloResearchLab/ledger/internal/grpcserver/server.go:350.2,351.16 2 1
github.com/MarkoPoloResearchLab/ledger/internal/grpcserver/server.go:351.16,353.3 1 1
github.com/MarkoPoloResearchLab/ledger/internal/grpcserver/server.go:354.2,355.16 2 1
github.com/MarkoPoloResearchLab/ledger/internal/grpcserver/server.go:355.16,357.3 1 1
github.com/MarkoPoloResearchLab/ledger/internal/grpcserver/server.go:358.2,359.16 2 1
github.com/MarkoPoloResearchLab/ledger/internal/grpcserver/server.go:359.16,361.3 1 0
github.com/MarkoPoloResearchLab/ledger/internal/grpcserver/server.go:363.2,364.45 2 1
github.com/MarkoPoloResearchLab/ledger/internal/grpcserver/server.go:364.45,366.3 1 1
github.com/MarkoPoloResearchLab/ledger/internal/grpcserver/server.go:368.2,369.55 2 1
github.com/MarkoPoloResearchLab/ledger/internal/grpcserver/server.go:369.55,371.24 2 1
github.com/MarkoPoloResearchLab/ledger/internal/grpcserver/server.go:371.24,373.4 1 1
github.com/MarkoPoloResearchLab/ledger/internal/grpcserver/server.go:375.3,378.60 3 1
github.com/MarkoPoloResearchLab/ledger/internal/grpcserver/server.go:379.39,380.35 1 1
github.com/MarkoPoloResearchLab/ledger/internal/grpcserver/server.go:380.35,382.5 1 1
github.com/MarkoPoloResearchLab/ledger/internal/grpcserver/server.go:383.4,384.18 2 1
github.com/MarkoPoloResearchLab/ledger/internal/grpcserver/server.go:384.18,386.5 1 1
github.com/MarkoPoloResearchLab/ledger/internal/grpcserver/server.go:387.4,388.18 2 1
github.com/MarkoPoloResearchLab/ledger/internal/grpcserver/server.go:388.18,390.5 1 1
github.com/MarkoPoloResearchLab/ledger/internal/grpcserver/server.go:391.4,392.18 2 1
github.com/MarkoPoloResearchLab/ledger/internal/grpcserver/server.go:392.18,394.5 1 1
github.com/MarkoPoloResearchLab/ledger/internal/grpcserver/server.go:395.4,400.5 1 1
github.com/MarkoPoloResearchLab/ledger/internal/grpcserver/server.go:401.39,402.35 1 1
github.com/MarkoPoloResearchLab/ledger/internal/grpcserver/server.go:402.35,404.5 1 1
github.com/MarkoPoloResearchLab/ledger/internal/grpcserver/server.go:405.4,406.18 2 1
github.com/MarkoPoloResearchLab/ledger/internal/grpcserver/server.go:406.18,408.5 1 1
github.com/MarkoPoloResearchLab/ledger/internal/grpcserver/server.go:409.4,410.18 2 1
github.com/MarkoPoloResearchLab/ledger/internal/grpcserver/server.go:410.18,412.5 1 1
github.com/MarkoPoloResearchLab/ledger/internal/grpcserver/server.go:413.4,414.18 2 1
github.com/MarkoPoloResearchLab/ledger/internal/grpcserver/server.go:414.18,416.5 1 1
github.com/MarkoPoloResearchLab/ledger/internal/grpcserver/server.go:417.4,421.5 1 1
github.com/MarkoPoloResearchLab/ledger/internal/grpcserver/server.go:422.41,423.37 1 1
github.com/MarkoPoloResearchLab/ledger/internal/grpcserver/server.go:423.37,425.5 1 1
github.com/MarkoPoloResearchLab/ledger/internal/grpcserver/server.go:426.4,427.18 2 1
github.com/MarkoPoloResearchLab/ledger/internal/grpcserver/server.go:427.18,429.5 1 1
github.com/MarkoPoloResearchLab/ledger/internal/grpcserver/server.go:430.4,431.18 2 1
github.com/MarkoPoloResearchLab/ledger/internal/grpcserver/server.go:431.18,433.5 1 1
github.com/MarkoPoloResearchLab/ledger/internal/grpcserver/server.go:434.4,435.18 2 1
github.com/MarkoPoloResearchLab/ledger/internal/grpcserver/server.go:435.18,437.5 1 1
github.com/MarkoPoloResearchLab/ledger/internal/grpcserver/server.go:438.4,439.18 2 1
github.com/MarkoPoloResearchLab/ledger/internal/grpcserver/server.go:439.18,441.5 1 1
github.com/MarkoPoloResearchLab/ledger/internal/grpcserver/server.go:442.4,448.5 1 1
github.com/MarkoPoloResearchLab/ledger/internal/grpcserver/server.go:449.41,450.37 1 1
github.com/MarkoPoloResearchLab/ledger/internal/grpcserver/server.go:450.37,452.5 1 1
github.com/MarkoPoloResearchLab/ledger/internal/grpcserver/server.go:453.4,454.18 2 1
github.com/MarkoPoloResearchLab/ledger/internal/grpcserver/server.go:454.18,456.5 1 1
github.com/MarkoPoloResearchLab/ledger/internal/grpcserver/server.go:457.4,458.18 2 1
github.com/MarkoPoloResearchLab/ledger/internal/grpcserver/server.go:458.18,460.5 1 1
github.com/MarkoPoloResearchLab/ledger/internal/grpcserver/server.go:461.4,462.18 2 1
github.com/MarkoPoloResearchLab/ledger/internal/grpcserver/server.go:462.18,464.5 1 1
github.com/MarkoPoloResearchLab/ledger/internal/grpcserver/server.go:465.4,466.18 2 1
github.com/MarkoPoloResearchLab/ledger/internal/grpcserver/server.go:466.18,468.5 1 1
github.com/MarkoPoloResearchLab/ledger/internal/grpcserver/server.go:469.4,474.5 1 1
github.com/MarkoPoloResearchLab/ledger/internal/grpcserver/server.go:475.41,476.37 1 1
github.com/MarkoPoloResearchLab/ledger/internal/grpcserver/server.go:476.37,478.5 1 1
github.com/MarkoPoloResearchLab/ledger/internal/grpcserver/server.go:479.4,480.18 2 1
github.com/MarkoPoloResearchLab/ledger/internal/grpcserver/server.go:480.18,482.5 1 1
github.com/MarkoPoloResearchLab/ledger/internal/grpcserver/server.go:483.4,484.18 2 1
github.com/MarkoPoloResearchLab/ledger/internal/grpcserver/server.go:484.18,486.5 1 1
github.com/MarkoPoloResearchLab/ledger/internal/grpcserver/server.go:487.4,488.18 2 1
github.com/MarkoPoloResearchLab/ledger/internal/grpcserver/server.go:488.18,490.5 1 1
github.com/MarkoPoloResearchLab/ledger/internal/grpcserver/server.go:491.4,495.5 1 1
github.com/MarkoPoloResearchLab/ledger/internal/grpcserver/server.go:496.40,497.36 1 1
github.com/MarkoPoloResearchLab/ledger/internal/grpcserver/server.go:497.36,499.5 1 1
github.com/MarkoPoloResearchLab/ledger/internal/grpcserver/server.go:500.4,501.18 2 1
github.com/MarkoPoloResearchLab/ledger/internal/grpcserver/server.go:501.18,503.5 1 1
github.com/MarkoPoloResearchLab/ledger/internal/grpcserver/server.go:504.4,505.18 2 1
github.com/MarkoPoloResearchLab/ledger/internal/grpcserver/server.go:505.18,507.5 1 1
github.com/MarkoPoloResearchLab/ledger/internal/grpcserver/server.go:508.4,509.18 2 1
github.com/MarkoPoloResearchLab/ledger/internal/grpcserver/server.go:509.18,511.5 1 1
github.com/MarkoPoloResearchLab/ledger/internal/grpcserver/server.go:513.4,515.56 3 1
github.com/MarkoPoloResearchLab/ledger/internal/grpcserver/server.go:515.56,517.19 2 1
github.com/MarkoPoloResearchLab/ledger/internal/grpcserver/server.go:517.19,519.6 1 1
github.com/MarkoPoloResearchLab/ledger/internal/grpcserver/server.go:520.5,520.45 1 1
github.com/MarkoPoloResearchLab/ledger/internal/grpcserver/server.go:521.10,521.70 1 1
github.com/MarkoPoloResearchLab/ledger/internal/grpcserver/server.go:521.70,523.19 2 1
github.com/MarkoPoloResearchLab/ledger/internal/grpcserver/server.go:523.19,525.6 1 1
github.com/MarkoPoloResearchLab/ledger/internal/grpcserver/server.go:526.5,526.59 1 1
github.com/MarkoPoloResearchLab/ledger/internal/grpcserver/server.go:527.10,529.5 1 1
github.com/MarkoPoloResearchLab/ledger/internal/grpcserver/server.go:531.4,537.5 1 1
github.com/MarkoPoloResearchLab/ledger/internal/grpcserver/server.go:538.11,539.79 1 1
github.com/MarkoPoloResearchLab/ledger/internal/grpcserver/server.go:542.3,542.47 1 1
github.com/MarkoPoloResearchLab/ledger/internal/grpcserver/server.go:545.2,546.27 2 1
github.com/MarkoPoloResearchLab/ledger/internal/grpcserver/server.go:546.27,548.3 1 1
github.com/MarkoPoloResearchLab/ledger/internal/grpcserver/server.go:550.2,551.43 2 1
github.com/MarkoPoloResearchLab/ledger/internal/grpcserver/server.go:551.43,554.23 2 1
github.com/MarkoPoloResearchLab/ledger/internal/grpcserver/server.go:554.23,558.12 4 1
github.com/MarkoPoloResearchLab/ledger/internal/grpcserver/server.go:561.3,561.24 1 1
github.com/MarkoPoloResearchLab/ledger/internal/grpcserver/server.go:561.24,566.12 5 1
github.com/MarkoPoloResearchLab/ledger/internal/grpcserver/server.go:569.3,569.26 1 1
github.com/MarkoPoloResearchLab/ledger/internal/grpcserver/server.go:569.26,574.12 5 1
github.com/MarkoPoloResearchLab/ledger/internal/grpcserver/server.go:577.3,580.48 4 1
github.com/MarkoPoloResearchLab/ledger/internal/grpcserver/server.go:583.2,583.22 1 1
github.com/MarkoPoloResearchLab/ledger/internal/grpcserver/server.go:586.147,587.70 1 1
github.com/MarkoPoloResearchLab/ledger/internal/grpcserver/server.go:587.70,589.3 1 1
github.com/MarkoPoloResearchLab/ledger/internal/grpcserver/server.go:590.2,591.16 2 1
github.com/MarkoPoloResearchLab/ledger/internal/grpcserver/server.go:591.16,593.3 1 1
github.com/MarkoPoloResearchLab/ledger/internal/grpcserver/server.go:594.2,595.16 2 1
github.com/MarkoPoloResearchLab/ledger/internal/grpcserver/server.go:595.16,597.3 1 1
github.com/MarkoPoloResearchLab/ledger/internal/grpcserver/server.go:598.2,599.16 2 1
github.com/MarkoPoloResearchLab/ledger/internal/grpcserver/server.go:599.16,601.3 1 1
github.com/MarkoPoloResearchLab/ledger/internal/grpcserver/server.go:602.2,603.16 2 1
github.com/MarkoPoloResearchLab/ledger/internal/grpcserver/server.go:603.16,605.3 1 1
github.com/MarkoPoloResearchLab/ledger/internal/grpcserver/server.go:606.2,607.17 2 1
github.com/MarkoPoloResearchLab/ledger/internal/grpcserver/server.go:607.17,609.3 1 1
github.com/MarkoPoloResearchLab/ledger/internal/grpcserver/server.go:610.2,611.52 2 1
github.com/MarkoPoloResearchLab/ledger/internal/grpcserver/server.go:611.52,613.17 2 1
github.com/MarkoPoloResearchLab/ledger/internal/grpcserver/server.go:613.17,615.4 1 1
github.com/MarkoPoloResearchLab/ledger/internal/grpcserver/server.go:616.3,616.51 1 1
github.com/MarkoPoloResearchLab/ledger/internal/grpcserver/server.go:619.2,620.38 2 1
github.com/MarkoPoloResearchLab/ledger/internal/grpcserver/server.go:620.38,622.17 2 1
github.com/MarkoPoloResearchLab/ledger/internal/grpcserver/server.go:622.17,624.4 1 1
github.com/MarkoPoloResearchLab/ledger/internal/grpcserver/server.go:625.3,625.39 1 1
github.com/MarkoPoloResearchLab/ledger/internal/grpcserver/server.go:628.2,629.45 2 1
github.com/MarkoPoloResearchLab/ledger/internal/grpcserver/server.go:629.45,631.17 2 1
github.com/MarkoPoloResearchLab/ledger/internal/grpcserver/server.go:631.17,633.4 1 1
github.com/MarkoPoloResearchLab/ledger/internal/grpcserver/server.go:634.3,634.47 1 1
github.com/MarkoPoloResearchLab/ledger/internal/grpcserver/server.go:637.2,642.27 2 1
github.com/MarkoPoloResearchLab/ledger/internal/grpcserver/server.go:642.27,644.3 1 0
github.com/MarkoPoloResearchLab/ledger/internal/grpcserver/server.go:645.2,646.38 2 1
github.com/MarkoPoloResearchLab/ledger/internal/grpcserver/server.go:646.38,649.21 3 1
github.com/MarkoPoloResearchLab/ledger/internal/grpcserver/server.go:649.21,651.4 1 1
github.com/MarkoPoloResearchLab/ledger/internal/grpcserver/server.go:652.3,654.18 3 1
github.com/MarkoPoloResearchLab/ledger/internal/grpcserver/server.go:654.18,656.4 1 1
github.com/MarkoPoloResearchLab/ledger/internal/grpcserver/server.go:657.3,668.5 1 1
github.com/MarkoPoloResearchLab/ledger/internal/grpcserver/server.go:670.2,670.22 1 1
github.com/MarkoPoloResearchLab/ledger/internal/grpcserver/server.go:673.156,674.70 1 1
github.com/MarkoPoloResearchLab/ledger/internal/grpcserver/server.go:674.70,676.3 1 1
github.com/MarkoPoloResearchLab/ledger/internal/grpcserver/server.go:677.2,678.16 2 1
github.com/MarkoPoloResearchLab/ledger/internal/grpcserver/server.go:678.16,680.3 1 1
github.com/MarkoPoloResearchLab/ledger/internal/grpcserver/server.go:681.2,682.16 2 1
github.com/MarkoPoloResearchLab/ledger/internal/grpcserver/server.go:682.16,684.3 1 1
github.com/MarkoPoloResearchLab/ledger/internal/grpcserver/server.go:685.2,686.16 2 1
github.com/MarkoPoloResearchLab/ledger/internal/grpcserver/server.go:686.16,688.3 1 0
github.com/MarkoPoloResearchLab/ledger/internal/grpcserver/server.go:689.2,690.16 2 1
github.com/MarkoPoloResearchLab/ledger/internal/grpcserver/server.go:690.16,692.3 1 1
github.com/MarkoPoloResearchLab/ledger/internal/grpcserver/server.go:694.2,695.27 2 1
github.com/MarkoPoloResearchLab/ledger/internal/grpcserver/server.go:695.27,697.3 1 1
github.com/MarkoPoloResearchLab/ledger/internal/grpcserver/server.go:698.2,698.87 1 1
github.com/MarkoPoloResearchLab/ledger/internal/grpcserver/server.go:701.162,702.70 1 1
github.com/MarkoPoloResearchLab/ledger/internal/grpcserver/server.go:702.70,704.3 1 1
github.com/MarkoPoloResearchLab/ledger/internal/grpcserver/server.go:705.2,706.16 2 1
github.com/MarkoPoloResearchLab/ledger/internal/grpcserver/server.go:706.16,708.3 1 1
github.com/MarkoPoloResearchLab/ledger/internal/grpcserver/server.go:709.2,710.16 2 1
github.com/MarkoPoloResearchLab/ledger/internal/grpcserver/server.go:710.16,712.3 1 1
github.com/MarkoPoloResearchLab/ledger/internal/grpcserver/server.go:713.2,714.16 2 1
github.com/MarkoPoloResearchLab/ledger/internal/grpcserver/server.go:714.16,716.3 1 0
github.com/MarkoPoloResearchLab/ledger/internal/grpcserver/server.go:717.2,718.16 2 1
github.com/MarkoPoloResearchLab/ledger/internal/grpcserver/server.go:718.16,720.3 1 1
github.com/MarkoPoloResearchLab/ledger/internal/grpcserver/server.go:722.2,723.50 2 1
github.com/MarkoPoloResearchLab/ledger/internal/grpcserver/server.go:723.50,725.17 2 1
github.com/MarkoPoloResearchLab/ledger/internal/grpcserver/server.go:725.17,727.4 1 1
github.com/MarkoPoloResearchLab/ledger/internal/grpcserver/server.go:728.3,728.44 1 1
github.com/MarkoPoloResearchLab/ledger/internal/grpcserver/server.go:731.2,734.27 2 1
github.com/MarkoPoloResearchLab/ledger/internal/grpcserver/server.go:734.27,736.3 1 0
github.com/MarkoPoloResearchLab/ledger/internal/grpcserver/server.go:738.2,739.31 2 1
github.com/MarkoPoloResearchLab/ledger/internal/grpcserver/server.go:739.31,741.3 1 1
github.com/MarkoPoloResearchLab/ledger/internal/grpcserver/server.go:742.2,742.22 1 1
github.com/MarkoPoloResearchLab/ledger/internal/grpcserver/server.go:745.79,757.2 1 1
github.com/MarkoPoloResearchLab/ledger/internal/grpcserver/server.go:759.53,760.16 1 1
github.com/MarkoPoloResearchLab/ledger/internal/grpcserver/server.go:760.16,762.3 1 1
github.com/MarkoPoloResearchLab/ledger/internal/grpcserver/server.go:763.2,763.33 1 1
github.com/MarkoPoloResearchLab/ledger/internal/grpcserver/server.go:763.33,765.3 1 1
github.com/MarkoPoloResearchLab/ledger/internal/grpcserver/server.go:766.2,766.19 1 1
github.com/MarkoPoloResearchLab/ledger/internal/grpcserver/server.go:769.47,770.48 1 1
github.com/MarkoPoloResearchLab/ledger/internal/grpcserver/server.go:770.48,772.3 1 1
github.com/MarkoPoloResearchLab/ledger/internal/grpcserver/server.go:773.2,773.50 1 1
github.com/MarkoPoloResearchLab/ledger/internal/grpcserver/server.go:773.50,775.3 1 1
github.com/MarkoPoloResearchLab/ledger/internal/grpcserver/server.go:776.2,776.50 1 1
github.com/MarkoPoloResearchLab/ledger/internal/grpcserver/server.go:776.50,778.3 1 1
github.com/MarkoPoloResearchLab/ledger/internal/grpcserver/server.go:779.2,779.55 1 1
github.com/MarkoPoloResearchLab/ledger/internal/grpcserver/server.go:779.55,781.3 1 1
github.com/MarkoPoloResearchLab/ledger/internal/grpcserver/server.go:782.2,782.59 1 1
github.com/MarkoPoloResearchLab/ledger/internal/grpcserver/server.go:782.59,784.3 1 1
github.com/MarkoPoloResearchLab/ledger/internal/grpcserver/server.go:785.2,785.49 1 1
github.com/MarkoPoloResearchLab/ledger/internal/grpcserver/server.go:785.49,787.3 1 1
github.com/MarkoPoloResearchLab/ledger/internal/grpcserver/server.go:788.2,788.56 1 1
github.com/MarkoPoloResearchLab/ledger/internal/grpcserver/server.go:788.56,790.3 1 1
github.com/MarkoPoloResearchLab/ledger/internal/grpcserver/server.go:791.2,791.53 1 1
github.com/MarkoPoloResearchLab/ledger/internal/grpcserver/server.go:791.53,793.3 1 1
github.com/MarkoPoloResearchLab/ledger/internal/grpcserver/server.go:794.2,794.54 1 1
github.com/MarkoPoloResearchLab/ledger/internal/grpcserver/server.go:794.54,796.3 1 1
github.com/MarkoPoloResearchLab/ledger/internal/grpcserver/server.go:797.2,797.51 1 1
github.com/MarkoPoloResearchLab/ledger/internal/grpcserver/server.go:797.51,799.3 1 1
github.com/MarkoPoloResearchLab/ledger/internal/grpcserver/server.go:800.2,800.52 1 1
github.com/MarkoPoloResearchLab/ledger/internal/grpcserver/server.go:800.52,802.3 1 1
github.com/MarkoPoloResearchLab/ledger/internal/grpcserver/server.go:803.2,803.53 1 1
github.com/MarkoPoloResearchLab/ledger/internal/grpcserver/server.go:803.53,805.3 1 1
github.com/MarkoPoloResearchLab/ledger/internal/grpcserver/server.go:806.2,806.47 1 1
github.com/MarkoPoloResearchLab/ledger/internal/grpcserver/server.go:806.47,808.3 1 1
github.com/MarkoPoloResearchLab/ledger/internal/grpcserver/server.go:809.2,809.58 1 1
github.com/MarkoPoloResearchLab/ledger/internal/grpcserver/server.go:809.58,811.3 1 1
github.com/MarkoPoloResearchLab/ledger/internal/grpcserver/server.go:812.2,812.57 1 1
github.com/MarkoPoloResearchLab/ledger/internal/grpcserver/server.go:812.57,814.3 1 1
github.com/MarkoPoloResearchLab/ledger/internal/grpcserver/server.go:815.2,815.52 1 1
github.com/MarkoPoloResearchLab/ledger/internal/grpcserver/server.go:815.52,817.3 1 1
github.com/MarkoPoloResearchLab/ledger/internal/grpcserver/server.go:818.2,818.52 1 1
github.com/MarkoPoloResearchLab/ledger/internal/grpcserver/server.go:818.52,820.3 1 1
github.com/MarkoPoloResearchLab/ledger/internal/grpcserver/server.go:821.2,821.56 1 1
github.com/MarkoPoloResearchLab/ledger/internal/grpcserver/server.go:821.56,823.3 1 1
github.com/MarkoPoloResearchLab/ledger/internal/grpcserver/server.go:824.2,824.53 1 1
github.com/MarkoPoloResearchLab/ledger/internal/grpcserver/server.go:824.53,826.3 1 1
github.com/MarkoPoloResearchLab/ledger/internal/grpcserver/server.go:828.2,829.40 2 1
github.com/MarkoPoloResearchLab/ledger/internal/grpcserver/server.go:829.40,831.3 1 1
github.com/MarkoPoloResearchLab/ledger/internal/grpcserver/server.go:832.2,832.22 1 1
github.com/MarkoPoloResearchLab/ledger/internal/grpcserver/server.go:835.41,836.48 1 1
github.com/MarkoPoloResearchLab/ledger/internal/grpcserver/server.go:836.48,838.3 1 1
github.com/MarkoPoloResearchLab/ledger/internal/grpcserver/server.go:839.2,839.50 1 1
github.com/MarkoPoloResearchLab/ledger/internal/grpcserver/server.go:839.50,841.3 1 1
github.com/MarkoPoloResearchLab/ledger/internal/grpcserver/server.go:842.2,842.50 1 1
github.com/MarkoPoloResearchLab/ledger/internal/grpcserver/server.go:842.50,844.3 1 1
github.com/MarkoPoloResearchLab/ledger/internal/grpcserver/server.go:845.2,845.55 1 1
github.com/MarkoPoloResearchLab/ledger/internal/grpcserver/server.go:845.55,847.3 1 1
github.com/MarkoPoloResearchLab/ledger/internal/grpcserver/server.go:848.2,848.59 1 1
github.com/MarkoPoloResearchLab/ledger/internal/grpcserver/server.go:848.59,850.3 1 1
github.com/MarkoPoloResearchLab/ledger/internal/grpcserver/server.go:851.2,851.49 1 1
github.com/MarkoPoloResearchLab/ledger/internal/grpcserver/server.go:851.49,853.3 1 1
github.com/MarkoPoloResearchLab/ledger/internal/grpcserver/server.go:854.2,854.56 1 1
github.com/MarkoPoloResearchLab/ledger/internal/grpcserver/server.go:854.56,856.3 1 1
github.com/MarkoPoloResearchLab/ledger/internal/grpcserver/server.go:857.2,857.53 1 1
github.com/MarkoPoloResearchLab/ledger/internal/grpcserver/server.go:857.53,859.3 1 1
github.com/MarkoPoloResearchLab/ledger/internal/grpcserver/server.go:860.2,860.54 1 1
github.com/MarkoPoloResearchLab/ledger/internal/grpcserver/server.go:860.54,862.3 1 1
github.com/MarkoPoloResearchLab/ledger/internal/grpcserver/server.go:863.2,863.51 1 1
github.com/MarkoPoloResearchLab/ledger/internal/grpcserver/server.go:863.51,865.3 1 1
github.com/MarkoPoloResearchLab/ledger/internal/grpcserver/server.go:866.2,866.52 1 1
github.com/MarkoPoloResearchLab/ledger/internal/grpcserver/server.go:866.52,868.3 1 1
github.com/MarkoPoloResearchLab/ledger/internal/grpcserver/server.go:869.2,869.53 1 1
github.com/MarkoPoloResearchLab/ledger/internal/grpcserver/server.go:869.53,871.3 1 1
github.com/MarkoPoloResearchLab/ledger/internal/grpcserver/server.go:872.2,872.47 1 1
github.com/MarkoPoloResearchLab/ledger/internal/grpcserver/server.go:872.47,874.3 1 1
github.com/MarkoPoloResearchLab/ledger/internal/grpcserver/server.go:875.2,875.58 1 1
github.com/MarkoPoloResearchLab/ledger/internal/grpcserver/server.go:875.58,877.3 1 1
github.com/MarkoPoloResearchLab/ledger/internal/grpcserver/server.go:878.2,878.57 1 1
github.com/MarkoPoloResearchLab/ledger/internal/grpcserver/server.go:878.57,880.3 1 0
github.com/MarkoPoloResearchLab/ledger/internal/grpcserver/server.go:881.2,881.52 1 1
github.com/MarkoPoloResearchLab/ledger/internal/grpcserver/server.go:881.52,883.3 1 1
github.com/MarkoPoloResearchLab/ledger/internal/grpcserver/server.go:884.2,884.52 1 1
github.com/MarkoPoloResearchLab/ledger/internal/grpcserver/server.go:884.52,886.3 1 1
github.com/MarkoPoloResearchLab/ledger/internal/grpcserver/server.go:887.2,887.56 1 1
github.com/MarkoPoloResearchLab/ledger/internal/grpcserver/server.go:887.56,889.3 1 1
github.com/MarkoPoloResearchLab/ledger/internal/grpcserver/server.go:890.2,890.53 1 1
github.com/MarkoPoloResearchLab/ledger/internal/grpcserver/server.go:890.53,892.3 1 1
github.com/MarkoPoloResearchLab/ledger/internal/grpcserver/server.go:893.2,893.53 1 1
