mode: set
github.com/MarkoPoloResearchLab/ledger/api/credit/v1/credit.pb.go:32.25,37.2 4 0
github.com/MarkoPoloResearchLab/ledger/api/credit/v1/credit.pb.go:39.33,41.2 1 0
github.com/MarkoPoloResearchLab/ledger/api/credit/v1/credit.pb.go:43.31,43.32 0 0
github.com/MarkoPoloResearchLab/ledger/api/credit/v1/credit.pb.go:45.53,47.14 2 0
github.com/MarkoPoloResearchLab/ledger/api/credit/v1/credit.pb.go:47.14,49.34 2 0
github.com/MarkoPoloResearchLab/ledger/api/credit/v1/credit.pb.go:49.34,51.4 1 0
github.com/MarkoPoloResearchLab/ledger/api/credit/v1/credit.pb.go:52.3,52.12 1 0
github.com/MarkoPoloResearchLab/ledger/api/credit/v1/credit.pb.go:54.2,54.24 1 0
github.com/MarkoPoloResearchLab/ledger/api/credit/v1/credit.pb.go:58.44,60.2 1 0
github.com/MarkoPoloResearchLab/ledger/api/credit/v1/credit.pb.go:62.37,63.14 1 0
github.com/MarkoPoloResearchLab/ledger/api/credit/v1/credit.pb.go:63.14,65.3 1 0
github.com/MarkoPoloResearchLab/ledger/api/credit/v1/credit.pb.go:66.2,66.11 1 0
github.com/MarkoPoloResearchLab/ledger/api/credit/v1/credit.pb.go:69.43,70.14 1 0
github.com/MarkoPoloResearchLab/ledger/api/credit/v1/credit.pb.go:70.14,72.3 1 0
github.com/MarkoPoloResearchLab/ledger/api/credit/v1/credit.pb.go:73.2,73.10 1 0
github.com/MarkoPoloResearchLab/ledger/api/credit/v1/credit.pb.go:83.26,88.2 4 0
github.com/MarkoPoloResearchLab/ledger/api/credit/v1/credit.pb.go:90.34,92.2 1 0
github.com/MarkoPoloResearchLab/ledger/api/credit/v1/credit.pb.go:94.32,94.33 0 0
github.com/MarkoPoloResearchLab/ledger/api/credit/v1/credit.pb.go:96.54,98.14 2 0
github.com/MarkoPoloResearchLab/ledger/api/credit/v1/credit.pb.go:98.14,100.34 2 0
github.com/MarkoPoloResearchLab/ledger/api/credit/v1/credit.pb.go:100.34,102.4 1 0
github.com/MarkoPoloResearchLab/ledger/api/credit/v1/credit.pb.go:103.3,103.12 1 0
github.com/MarkoPoloResearchLab/ledger/api/credit/v1/credit.pb.go:105.2,105.24 1 0
github.com/MarkoPoloResearchLab/ledger/api/credit/v1/credit.pb.go:109.45,111.2 1 0
github.com/MarkoPoloResearchLab/ledger/api/credit/v1/credit.pb.go:113.41,114.14 1 0
github.com/MarkoPoloResearchLab/ledger/api/credit/v1/credit.pb.go:114.14,116.3 1 0
github.com/MarkoPoloResearchLab/ledger/api/credit/v1/credit.pb.go:117.2,117.10 1 0
github.com/MarkoPoloResearchLab/ledger/api/credit/v1/credit.pb.go:129.34,134.2 4 0
github.com/MarkoPoloResearchLab/ledger/api/credit/v1/credit.pb.go:136.42,138.2 1 0
github.com/MarkoPoloResearchLab/ledger/api/credit/v1/credit.pb.go:140.40,140.41 0 0
github.com/MarkoPoloResearchLab/ledger/api/credit/v1/credit.pb.go:142.62,144.14 2 0
github.com/MarkoPoloResearchLab/ledger/api/credit/v1/credit.pb.go:144.14,146.34 2 0
github.com/MarkoPoloResearchLab/ledger/api/credit/v1/credit.pb.go:146.34,148.4 1 0
github.com/MarkoPoloResearchLab/ledger/api/credit/v1/credit.pb.go:149.3,149.12 1 0
github.com/MarkoPoloResearchLab/ledger/api/credit/v1/credit.pb.go:151.2,151.24 1 0
github.com/MarkoPoloResearchLab/ledger/api/credit/v1/credit.pb.go:155.53,157.2 1 0
github.com/MarkoPoloResearchLab/ledger/api/credit/v1/credit.pb.go:159.45,160.14 1 0
github.com/MarkoPoloResearchLab/ledger/api/credit/v1/credit.pb.go:160.14,162.3 1 0
github.com/MarkoPoloResearchLab/ledger/api/credit/v1/credit.pb.go:163.2,163.11 1 0
github.com/MarkoPoloResearchLab/ledger/api/credit/v1/credit.pb.go:166.47,167.14 1 0
github.com/MarkoPoloResearchLab/ledger/api/credit/v1/credit.pb.go:167.14,169.3 1 0
github.com/MarkoPoloResearchLab/ledger/api/credit/v1/credit.pb.go:170.2,170.11 1 0
github.com/MarkoPoloResearchLab/ledger/api/credit/v1/credit.pb.go:173.47,174.14 1 0
github.com/MarkoPoloResearchLab/ledger/api/credit/v1/credit.pb.go:174.14,176.3 1 0
github.com/MarkoPoloResearchLab/ledger/api/credit/v1/credit.pb.go:177.2,177.11 1 0
github.com/MarkoPoloResearchLab/ledger/api/credit/v1/credit.pb.go:188.35,193.2 4 0
github.com/MarkoPoloResearchLab/ledger/api/credit/v1/credit.pb.go:195.43,197.2 1 0
github.com/MarkoPoloResearchLab/ledger/api/credit/v1/credit.pb.go:199.41,199.42 0 0
github.com/MarkoPoloResearchLab/ledger/api/credit/v1/credit.pb.go:201.63,203.14 2 0
github.com/MarkoPoloResearchLab/ledger/api/credit/v1/credit.pb.go:203.14,205.34 2 0
github.com/MarkoPoloResearchLab/ledger/api/credit/v1/credit.pb.go:205.34,207.4 1 0
github.com/MarkoPoloResearchLab/ledger/api/credit/v1/credit.pb.go:208.3,208.12 1 0
github.com/MarkoPoloResearchLab/ledger/api/credit/v1/credit.pb.go:210.2,210.24 1 0
github.com/MarkoPoloResearchLab/ledger/api/credit/v1/credit.pb.go:214.54,216.2 1 0
github.com/MarkoPoloResearchLab/ledger/api/credit/v1/credit.pb.go:218.49,219.14 1 0
github.com/MarkoPoloResearchLab/ledger/api/credit/v1/credit.pb.go:219.14,221.3 1 0
github.com/MarkoPoloResearchLab/ledger/api/credit/v1/credit.pb.go:222.2,222.10 1 0
github.com/MarkoPoloResearchLab/ledger/api/credit/v1/credit.pb.go:225.53,226.14 1 0
github.com/MarkoPoloResearchLab/ledger/api/credit/v1/credit.pb.go:226.14,228.3 1 0
github.com/MarkoPoloResearchLab/ledger/api/credit/v1/credit.pb.go:229.2,229.10 1 0
github.com/MarkoPoloResearchLab/ledger/api/credit/v1/credit.pb.go:245.32,250.2 4 0
github.com/MarkoPoloResearchLab/ledger/api/credit/v1/credit.pb.go:252.40,254.2 1 0
github.com/MarkoPoloResearchLab/ledger/api/credit/v1/credit.pb.go:256.38,256.39 0 0
github.com/MarkoPoloResearchLab/ledger/api/credit/v1/credit.pb.go:258.60,260.14 2 0
github.com/MarkoPoloResearchLab/ledger/api/credit/v1/credit.pb.go:260.14,262.34 2 0
github.com/MarkoPoloResearchLab/ledger/api/credit/v1/credit.pb.go:262.34,264.4 1 0
github.com/MarkoPoloResearchLab/ledger/api/credit/v1/credit.pb.go:265.3,265.12 1 0
github.com/MarkoPoloResearchLab/ledger/api/credit/v1/credit.pb.go:267.2,267.24 1 0
github.com/MarkoPoloResearchLab/ledger/api/credit/v1/credit.pb.go:271.51,273.2 1 0
github.com/MarkoPoloResearchLab/ledger/api/credit/v1/credit.pb.go:275.43,276.14 1 0
github.com/MarkoPoloResearchLab/ledger/api/credit/v1/credit.pb.go:276.14,278.3 1 0
github.com/MarkoPoloResearchLab/ledger/api/credit/v1/credit.pb.go:279.2,279.11 1 0
github.com/MarkoPoloResearchLab/ledger/api/credit/v1/credit.pb.go:282.47,283.14 1 0
github.com/MarkoPoloResearchLab/ledger/api/credit/v1/credit.pb.go:283.14,285.3 1 0
github.com/MarkoPoloResearchLab/ledger/api/credit/v1/credit.pb.go:286.2,286.10 1 0
github.com/MarkoPoloResearchLab/ledger/api/credit/v1/credit.pb.go:289.51,290.14 1 0
github.com/MarkoPoloResearchLab/ledger/api/credit/v1/credit.pb.go:290.14,292.3 1 0
github.com/MarkoPoloResearchLab/ledger/api/credit/v1/credit.pb.go:293.2,293.11 1 0
github.com/MarkoPoloResearchLab/ledger/api/credit/v1/credit.pb.go:296.52,297.14 1 0
github.com/MarkoPoloResearchLab/ledger/api/credit/v1/credit.pb.go:297.14,299.3 1 0
github.com/MarkoPoloResearchLab/ledger/api/credit/v1/credit.pb.go:300.2,300.10 1 0
github.com/MarkoPoloResearchLab/ledger/api/credit/v1/credit.pb.go:303.49,304.14 1 0
github.com/MarkoPoloResearchLab/ledger/api/credit/v1/credit.pb.go:304.14,306.3 1 0
github.com/MarkoPoloResearchLab/ledger/api/credit/v1/credit.pb.go:307.2,307.11 1 0
github.com/MarkoPoloResearchLab/ledger/api/credit/v1/credit.pb.go:310.45,311.14 1 0
github.com/MarkoPoloResearchLab/ledger/api/credit/v1/credit.pb.go:311.14,313.3 1 0
github.com/MarkoPoloResearchLab/ledger/api/credit/v1/credit.pb.go:314.2,314.11 1 0
github.com/MarkoPoloResearchLab/ledger/api/credit/v1/credit.pb.go:317.45,318.14 1 0
github.com/MarkoPoloResearchLab/ledger/api/credit/v1/credit.pb.go:318.14,320.3 1 0
github.com/MarkoPoloResearchLab/ledger/api/credit/v1/credit.pb.go:321.2,321.11 1 0
github.com/MarkoPoloResearchLab/ledger/api/credit/v1/credit.pb.go:338.34,343.2 4 0
github.com/MarkoPoloResearchLab/ledger/api/credit/v1/credit.pb.go:345.42,347.2 1 0
github.com/MarkoPoloResearchLab/ledger/api/credit/v1/credit.pb.go:349.40,349.41 0 0
github.com/MarkoPoloResearchLab/ledger/api/credit/v1/credit.pb.go:351.62,353.14 2 0
github.com/MarkoPoloResearchLab/ledger/api/credit/v1/credit.pb.go:353.14,355.34 2 0
github.com/MarkoPoloResearchLab/ledger/api/credit/v1/credit.pb.go:355.34,357.4 1 0
github.com/MarkoPoloResearchLab/ledger/api/credit/v1/credit.pb.go:358.3,358.12 1 0
github.com/MarkoPoloResearchLab/ledger/api/credit/v1/credit.pb.go:360.2,360.24 1 0
github.com/MarkoPoloResearchLab/ledger/api/credit/v1/credit.pb.go:364.53,366.2 1 0
github.com/MarkoPoloResearchLab/ledger/api/credit/v1/credit.pb.go:368.45,369.14 1 0
github.com/MarkoPoloResearchLab/ledger/api/credit/v1/credit.pb.go:369.14,371.3 1 0
github.com/MarkoPoloResearchLab/ledger/api/credit/v1/credit.pb.go:372.2,372.11 1 0
github.com/MarkoPoloResearchLab/ledger/api/credit/v1/credit.pb.go:375.49,376.14 1 0
github.com/MarkoPoloResearchLab/ledger/api/credit/v1/credit.pb.go:376.14,378.3 1 0
github.com/MarkoPoloResearchLab/ledger/api/credit/v1/credit.pb.go:379.2,379.10 1 0
github.com/MarkoPoloResearchLab/ledger/api/credit/v1/credit.pb.go:382.52,383.14 1 0
github.com/MarkoPoloResearchLab/ledger/api/credit/v1/credit.pb.go:383.14,385.3 1 0
github.com/MarkoPoloResearchLab/ledger/api/credit/v1/credit.pb.go:386.2,386.11 1 0
github.com/MarkoPoloResearchLab/ledger/api/credit/v1/credit.pb.go:389.53,390.14 1 0
github.com/MarkoPoloResearchLab/ledger/api/credit/v1/credit.pb.go:390.14,392.3 1 0
github.com/MarkoPoloResearchLab/ledger/api/credit/v1/credit.pb.go:393.2,393.11 1 0
github.com/MarkoPoloResearchLab/ledger/api/credit/v1/credit.pb.go:396.51,397.14 1 0
github.com/MarkoPoloResearchLab/ledger/api/credit/v1/credit.pb.go:397.14,399.3 1 0
github.com/MarkoPoloResearchLab/ledger/api/credit/v1/credit.pb.go:400.2,400.11 1 0
github.com/MarkoPoloResearchLab/ledger/api/credit/v1/credit.pb.go:403.47,404.14 1 0
github.com/MarkoPoloResearchLab/ledger/api/credit/v1/credit.pb.go:404.14,406.3 1 0
github.com/MarkoPoloResearchLab/ledger/api/credit/v1/credit.pb.go:407.2,407.11 1 0
github.com/MarkoPoloResearchLab/ledger/api/credit/v1/credit.pb.go:410.47,411.14 1 0
github.com/MarkoPoloResearchLab/ledger/api/credit/v1/credit.pb.go:411.14,413.3 1 0
github.com/MarkoPoloResearchLab/ledger/api/credit/v1/credit.pb.go:414.2,414.11 1 0
github.com/MarkoPoloResearchLab/ledger/api/credit/v1/credit.pb.go:417.54,418.14 1 0
github.com/MarkoPoloResearchLab/ledger/api/credit/v1/credit.pb.go:418.14,420.3 1 0
github.com/MarkoPoloResearchLab/ledger/api/credit/v1/credit.pb.go:421.2,421.10 1 0
github.com/MarkoPoloResearchLab/ledger/api/credit/v1/credit.pb.go:437.34,442.2 4 0
github.com/MarkoPoloResearchLab/ledger/api/credit/v1/credit.pb.go:444.42,446.2 1 0
github.com/MarkoPoloResearchLab/ledger/api/credit/v1/credit.pb.go:448.40,448.41 0 0
github.com/MarkoPoloResearchLab/ledger/api/credit/v1/credit.pb.go:450.62,452.14 2 0
github.com/MarkoPoloResearchLab/ledger/api/credit/v1/credit.pb.go:452.14,454.34 2 0
github.com/MarkoPoloResearchLab/ledger/api/credit/v1/credit.pb.go:454.34,456.4 1 0
github.com/MarkoPoloResearchLab/ledger/api/credit/v1/credit.pb.go:457.3,457.12 1 0
github.com/MarkoPoloResearchLab/ledger/api/credit/v1/credit.pb.go:459.2,459.24 1 0
github.com/MarkoPoloResearchLab/ledger/api/credit/v1/credit.pb.go:463.53,465.2 1 0
github.com/MarkoPoloResearchLab/ledger/api/credit/v1/credit.pb.go:467.45,468.14 1 0
github.com/MarkoPoloResearchLab/ledger/api/credit/v1/credit.pb.go:468.14,470.3 1 0
github.com/MarkoPoloResearchLab/ledger/api/credit/v1/credit.pb.go:471.2,471.11 1 0
github.com/MarkoPoloResearchLab/ledger/api/credit/v1/credit.pb.go:474.52,475.14 1 0
github.com/MarkoPoloResearchLab/ledger/api/credit/v1/credit.pb.go:475.14,477.3 1 0
github.com/MarkoPoloResearchLab/ledger/api/credit/v1/credit.pb.go:478.2,478.11 1 0
github.com/MarkoPoloResearchLab/ledger/api/credit/v1/credit.pb.go:481.53,482.14 1 0
github.com/MarkoPoloResearchLab/ledger/api/credit/v1/credit.pb.go:482.14,484.3 1 0
github.com/MarkoPoloResearchLab/ledger/api/credit/v1/credit.pb.go:485.2,485.11 1 0
github.com/MarkoPoloResearchLab/ledger/api/credit/v1/credit.pb.go:488.49,489.14 1 0
github.com/MarkoPoloResearchLab/ledger/api/credit/v1/credit.pb.go:489.14,491.3 1 0
github.com/MarkoPoloResearchLab/ledger/api/credit/v1/credit.pb.go:492.2,492.10 1 0
github.com/MarkoPoloResearchLab/ledger/api/credit/v1/credit.pb.go:495.51,496.14 1 0
github.com/MarkoPoloResearchLab/ledger/api/credit/v1/credit.pb.go:496.14,498.3 1 0
github.com/MarkoPoloResearchLab/ledger/api/credit/v1/credit.pb.go:499.2,499.11 1 0
github.com/MarkoPoloResearchLab/ledger/api/credit/v1/credit.pb.go:502.47,503.14 1 0
github.com/MarkoPoloResearchLab/ledger/api/credit/v1/credit.pb.go:503.14,505.3 1 0
github.com/MarkoPoloResearchLab/ledger/api/credit/v1/credit.pb.go:506.2,506.11 1 0
github.com/MarkoPoloResearchLab/ledger/api/credit/v1/credit.pb.go:509.47,510.14 1 0
github.com/MarkoPoloResearchLab/ledger/api/credit/v1/credit.pb.go:510.14,512.3 1 0
github.com/MarkoPoloResearchLab/ledger/api/credit/v1/credit.pb.go:513.2,513.11 1 0
github.com/MarkoPoloResearchLab/ledger/api/credit/v1/credit.pb.go:528.34,533.2 4 0
github.com/MarkoPoloResearchLab/ledger/api/credit/v1/credit.pb.go:535.42,537.2 1 0
github.com/MarkoPoloResearchLab/ledger/api/credit/v1/credit.pb.go:539.40,539.41 0 0
github.com/MarkoPoloResearchLab/ledger/api/credit/v1/credit.pb.go:541.62,543.14 2 0
github.com/MarkoPoloResearchLab/ledger/api/credit/v1/credit.pb.go:543.14,545.34 2 0
github.com/MarkoPoloResearchLab/ledger/api/credit/v1/credit.pb.go:545.34,547.4 1 0
github.com/MarkoPoloResearchLab/ledger/api/credit/v1/credit.pb.go:548.3,548.12 1 0
github.com/MarkoPoloResearchLab/ledger/api/credit/v1/credit.pb.go:550.2,550.24 1 0
github.com/MarkoPoloResearchLab/ledger/api/credit/v1/credit.pb.go:554.53,556.2 1 0
github.com/MarkoPoloResearchLab/ledger/api/credit/v1/credit.pb.go:558.45,559.14 1 0
github.com/MarkoPoloResearchLab/ledger/api/credit/v1/credit.pb.go:559.14,561.3 1 0
github.com/MarkoPoloResearchLab/ledger/api/credit/v1/credit.pb.go:562.2,562.11 1 0
github.com/MarkoPoloResearchLab/ledger/api/credit/v1/credit.pb.go:565.52,566.14 1 0
github.com/MarkoPoloResearchLab/ledger/api/credit/v1/credit.pb.go:566.14,568.3 1 0
github.com/MarkoPoloResearchLab/ledger/api/credit/v1/credit.pb.go:569.2,569.11 1 0
github.com/MarkoPoloResearchLab/ledger/api/credit/v1/credit.pb.go:572.53,573.14 1 0
github.com/MarkoPoloResearchLab/ledger/api/credit/v1/credit.pb.go:573.14,575.3 1 0
github.com/MarkoPoloResearchLab/ledger/api/credit/v1/credit.pb.go:576.2,576.11 1 0
github.com/MarkoPoloResearchLab/ledger/api/credit/v1/credit.pb.go:579.51,580.14 1 0
github.com/MarkoPoloResearchLab/ledger/api/credit/v1/credit.pb.go:580.14,582.3 1 0
github.com/MarkoPoloResearchLab/ledger/api/credit/v1/credit.pb.go:583.2,583.11 1 0
github.com/MarkoPoloResearchLab/ledger/api/credit/v1/credit.pb.go:586.47,587.14 1 0
github.com/MarkoPoloResearchLab/ledger/api/credit/v1/credit.pb.go:587.14,589.3 1 0
github.com/MarkoPoloResearchLab/ledger/api/credit/v1/credit.pb.go:590.2,590.11 1 0
github.com/MarkoPoloResearchLab/ledger/api/credit/v1/credit.pb.go:593.47,594.14 1 0
github.com/MarkoPoloResearchLab/ledger/api/credit/v1/credit.pb.go:594.14,596.3 1 0
github.com/MarkoPoloResearchLab/ledger/api/credit/v1/credit.pb.go:597.2,597.11 1 0
github.com/MarkoPoloResearchLab/ledger/api/credit/v1/credit.pb.go:612.32,617.2 4 0
github.com/MarkoPoloResearchLab/ledger/api/credit/v1/credit.pb.go:619.40,621.2 1 0
github.com/MarkoPoloResearchLab/ledger/api/credit/v1/credit.pb.go:623.38,623.39 0 0
github.com/MarkoPoloResearchLab/ledger/api/credit/v1/credit.pb.go:625.60,627.14 2 0
github.com/MarkoPoloResearchLab/ledger/api/credit/v1/credit.pb.go:627.14,629.34 2 0
github.com/MarkoPoloResearchLab/ledger/api/credit/v1/credit.pb.go:629.34,631.4 1 0
github.com/MarkoPoloResearchLab/ledger/api/credit/v1/credit.pb.go:632.3,632.12 1 0
github.com/MarkoPoloResearchLab/ledger/api/credit/v1/credit.pb.go:634.2,634.24 1 0
github.com/MarkoPoloResearchLab/ledger/api/credit/v1/credit.pb.go:638.51,640.2 1 0
github.com/MarkoPoloResearchLab/ledger/api/credit/v1/credit.pb.go:642.43,643.14 1 0
github.com/MarkoPoloResearchLab/ledger/api/credit/v1/credit.pb.go:643.14,645.3 1 0
github.com/MarkoPoloResearchLab/ledger/api/credit/v1/credit.pb.go:646.2,646.11 1 0
github.com/MarkoPoloResearchLab/ledger/api/credit/v1/credit.pb.go:649.47,650.14 1 0
github.com/MarkoPoloResearchLab/ledger/api/credit/v1/credit.pb.go:650.14,652.3 1 0
github.com/MarkoPoloResearchLab/ledger/api/credit/v1/credit.pb.go:653.2,653.10 1 0
github.com/MarkoPoloResearchLab/ledger/api/credit/v1/credit.pb.go:656.51,657.14 1 0
github.com/MarkoPoloResearchLab/ledger/api/credit/v1/credit.pb.go:657.14,659.3 1 0
github.com/MarkoPoloResearchLab/ledger/api/credit/v1/credit.pb.go:660.2,660.11 1 0
github.com/MarkoPoloResearchLab/ledger/api/credit/v1/credit.pb.go:663.49,664.14 1 0
github.com/MarkoPoloResearchLab/ledger/api/credit/v1/credit.pb.go:664.14,666.3 1 0
github.com/MarkoPoloResearchLab/ledger/api/credit/v1/credit.pb.go:667.2,667.11 1 0
github.com/MarkoPoloResearchLab/ledger/api/credit/v1/credit.pb.go:670.45,671.14 1 0
github.com/MarkoPoloResearchLab/ledger/api/credit/v1/credit.pb.go:671.14,673.3 1 0
github.com/MarkoPoloResearchLab/ledger/api/credit/v1/credit.pb.go:674.2,674.11 1 0
github.com/MarkoPoloResearchLab/ledger/api/credit/v1/credit.pb.go:677.45,678.14 1 0
github.com/MarkoPoloResearchLab/ledger/api/credit/v1/credit.pb.go:678.14,680.3 1 0
github.com/MarkoPoloResearchLab/ledger/api/credit/v1/credit.pb.go:681.2,681.11 1 0
github.com/MarkoPoloResearchLab/ledger/api/credit/v1/credit.pb.go:701.33,706.2 4 0
github.com/MarkoPoloResearchLab/ledger/api/credit/v1/credit.pb.go:708.41,710.2 1 0
github.com/MarkoPoloResearchLab/ledger/api/credit/v1/credit.pb.go:712.39,712.40 0 0
github.com/MarkoPoloResearchLab/ledger/api/credit/v1/credit.pb.go:714.61,716.14 2 0
github.com/MarkoPoloResearchLab/ledger/api/credit/v1/credit.pb.go:716.14,718.34 2 0
github.com/MarkoPoloResearchLab/ledger/api/credit/v1/credit.pb.go:718.34,720.4 1 0
github.com/MarkoPoloResearchLab/ledger/api/credit/v1/credit.pb.go:721.3,721.12 1 0
github.com/MarkoPoloResearchLab/ledger/api/credit/v1/credit.pb.go:723.2,723.24 1 0
github.com/MarkoPoloResearchLab/ledger/api/credit/v1/credit.pb.go:727.52,729.2 1 0
github.com/MarkoPoloResearchLab/ledger/api/credit/v1/credit.pb.go:731.44,732.14 1 0
github.com/MarkoPoloResearchLab/ledger/api/credit/v1/credit.pb.go:732.14,734.3 1 0
github.com/MarkoPoloResearchLab/ledger/api/credit/v1/credit.pb.go:735.2,735.11 1 0
github.com/MarkoPoloResearchLab/ledger/api/credit/v1/credit.pb.go:738.46,739.14 1 0
github.com/MarkoPoloResearchLab/ledger/api/credit/v1/credit.pb.go:739.14,741.3 1 0
github.com/MarkoPoloResearchLab/ledger/api/credit/v1/credit.pb.go:742.2,742.11 1 0
github.com/MarkoPoloResearchLab/ledger/api/credit/v1/credit.pb.go:745.46,746.14 1 0
github.com/MarkoPoloResearchLab/ledger/api/credit/v1/credit.pb.go:746.14,748.3 1 0
github.com/MarkoPoloResearchLab/ledger/api/credit/v1/credit.pb.go:749.2,749.11 1 0
github.com/MarkoPoloResearchLab/ledger/api/credit/v1/credit.pb.go:752.64,753.14 1 0
github.com/MarkoPoloResearchLab/ledger/api/credit/v1/credit.pb.go:753.14,755.3 1 0
github.com/MarkoPoloResearchLab/ledger/api/credit/v1/credit.pb.go:756.2,756.12 1 0
github.com/MarkoPoloResearchLab/ledger/api/credit/v1/credit.pb.go:759.53,760.14 1 0
github.com/MarkoPoloResearchLab/ledger/api/credit/v1/credit.pb.go:760.14,761.63 1 0
github.com/MarkoPoloResearchLab/ledger/api/credit/v1/credit.pb.go:761.63,763.4 1 0
github.com/MarkoPoloResearchLab/ledger/api/credit/v1/credit.pb.go:765.2,765.11 1 0
github.com/MarkoPoloResearchLab/ledger/api/credit/v1/credit.pb.go:768.60,769.14 1 0
github.com/MarkoPoloResearchLab/ledger/api/credit/v1/credit.pb.go:769.14,770.70 1 0
github.com/MarkoPoloResearchLab/ledger/api/credit/v1/credit.pb.go:770.70,772.4 1 0
github.com/MarkoPoloResearchLab/ledger/api/credit/v1/credit.pb.go:774.2,774.11 1 0
github.com/MarkoPoloResearchLab/ledger/api/credit/v1/credit.pb.go:777.48,778.14 1 0
github.com/MarkoPoloResearchLab/ledger/api/credit/v1/credit.pb.go:778.14,780.3 1 0
github.com/MarkoPoloResearchLab/ledger/api/credit/v1/credit.pb.go:781.2,781.10 1 0
github.com/MarkoPoloResearchLab/ledger/api/credit/v1/credit.pb.go:784.52,785.14 1 0
github.com/MarkoPoloResearchLab/ledger/api/credit/v1/credit.pb.go:785.14,787.3 1 0
github.com/MarkoPoloResearchLab/ledger/api/credit/v1/credit.pb.go:788.2,788.11 1 0
github.com/MarkoPoloResearchLab/ledger/api/credit/v1/credit.pb.go:791.50,792.14 1 0
github.com/MarkoPoloResearchLab/ledger/api/credit/v1/credit.pb.go:792.14,794.3 1 0
github.com/MarkoPoloResearchLab/ledger/api/credit/v1/credit.pb.go:795.2,795.11 1 0
github.com/MarkoPoloResearchLab/ledger/api/credit/v1/credit.pb.go:810.67,810.68 0 0
github.com/MarkoPoloResearchLab/ledger/api/credit/v1/credit.pb.go:812.74,812.75 0 0
github.com/MarkoPoloResearchLab/ledger/api/credit/v1/credit.pb.go:822.34,827.2 4 0
github.com/MarkoPoloResearchLab/ledger/api/credit/v1/credit.pb.go:829.42,831.2 1 0
github.com/MarkoPoloResearchLab/ledger/api/credit/v1/credit.pb.go:833.40,833.41 0 0
github.com/MarkoPoloResearchLab/ledger/api/credit/v1/credit.pb.go:835.62,837.14 2 0
github.com/MarkoPoloResearchLab/ledger/api/credit/v1/credit.pb.go:837.14,839.34 2 0
github.com/MarkoPoloResearchLab/ledger/api/credit/v1/credit.pb.go:839.34,841.4 1 0
github.com/MarkoPoloResearchLab/ledger/api/credit/v1/credit.pb.go:842.3,842.12 1 0
github.com/MarkoPoloResearchLab/ledger/api/credit/v1/credit.pb.go:844.2,844.24 1 0
github.com/MarkoPoloResearchLab/ledger/api/credit/v1/credit.pb.go:848.53,850.2 1 0
github.com/MarkoPoloResearchLab/ledger/api/credit/v1/credit.pb.go:852.46,853.14 1 0
github.com/MarkoPoloResearchLab/ledger/api/credit/v1/credit.pb.go:853.14,855.3 1 0
github.com/MarkoPoloResearchLab/ledger/api/credit/v1/credit.pb.go:856.2,856.11 1 0
github.com/MarkoPoloResearchLab/ledger/api/credit/v1/credit.pb.go:859.52,860.14 1 0
github.com/MarkoPoloResearchLab/ledger/api/credit/v1/credit.pb.go:860.14,862.3 1 0
github.com/MarkoPoloResearchLab/ledger/api/credit/v1/credit.pb.go:863.2,863.10 1 0
github.com/MarkoPoloResearchLab/ledger/api/credit/v1/credit.pb.go:882.25,887.2 4 0
github.com/MarkoPoloResearchLab/ledger/api/credit/v1/credit.pb.go:889.33,891.2 1 0
github.com/MarkoPoloResearchLab/ledger/api/credit/v1/credit.pb.go:893.31,893.32 0 0
github.com/MarkoPoloResearchLab/ledger/api/credit/v1/credit.pb.go:895.53,897.14 2 0
github.com/MarkoPoloResearchLab/ledger/api/credit/v1/credit.pb.go:897.14,899.34 2 0
github.com/MarkoPoloResearchLab/ledger/api/credit/v1/credit.pb.go:899.34,901.4 1 0
github.com/MarkoPoloResearchLab/ledger/api/credit/v1/credit.pb.go:902.3,902.12 1 0
github.com/MarkoPoloResearchLab/ledger/api/credit/v1/credit.pb.go:904.2,904.24 1 0
github.com/MarkoPoloResearchLab/ledger/api/credit/v1/credit.pb.go:908.44,910.2 1 0
github.com/MarkoPoloResearchLab/ledger/api/credit/v1/credit.pb.go:912.37,913.14 1 0
github.com/MarkoPoloResearchLab/ledger/api/credit/v1/credit.pb.go:913.14,915.3 1 0
github.com/MarkoPoloResearchLab/ledger/api/credit/v1/credit.pb.go:916.2,916.11 1 0
github.com/MarkoPoloResearchLab/ledger/api/credit/v1/credit.pb.go:919.39,920.14 1 0
github.com/MarkoPoloResearchLab/ledger/api/credit/v1/credit.pb.go:920.14,922.3 1 0
github.com/MarkoPoloResearchLab/ledger/api/credit/v1/credit.pb.go:923.2,923.11 1 0
github.com/MarkoPoloResearchLab/ledger/api/credit/v1/credit.pb.go:926.34,927.14 1 0
github.com/MarkoPoloResearchLab/ledger/api/credit/v1/credit.pb.go:927.14,929.3 1 0
github.com/MarkoPoloResearchLab/ledger/api/credit/v1/credit.pb.go:930.2,930.11 1 0
github.com/MarkoPoloResearchLab/ledger/api/credit/v1/credit.pb.go:933.40,934.14 1 0
github.com/MarkoPoloResearchLab/ledger/api/credit/v1/credit.pb.go:934.14,936.3 1 0
github.com/MarkoPoloResearchLab/ledger/api/credit/v1/credit.pb.go:937.2,937.10 1 0
github.com/MarkoPoloResearchLab/ledger/api/credit/v1/credit.pb.go:940.43,941.14 1 0
github.com/MarkoPoloResearchLab/ledger/api/credit/v1/credit.pb.go:941.14,943.3 1 0
github.com/MarkoPoloResearchLab/ledger/api/credit/v1/credit.pb.go:944.2,944.11 1 0
github.com/MarkoPoloResearchLab/ledger/api/credit/v1/credit.pb.go:947.44,948.14 1 0
github.com/MarkoPoloResearchLab/ledger/api/credit/v1/credit.pb.go:948.14,950.3 1 0
github.com/MarkoPoloResearchLab/ledger/api/credit/v1/credit.pb.go:951.2,951.11 1 0
github.com/MarkoPoloResearchLab/ledger/api/credit/v1/credit.pb.go:954.45,955.14 1 0
github.com/MarkoPoloResearchLab/ledger/api/credit/v1/credit.pb.go:955.14,957.3 1 0
github.com/MarkoPoloResearchLab/ledger/api/credit/v1/credit.pb.go:958.2,958.10 1 0
github.com/MarkoPoloResearchLab/ledger/api/credit/v1/credit.pb.go:961.42,962.14 1 0
github.com/MarkoPoloResearchLab/ledger/api/credit/v1/credit.pb.go:962.14,964.3 1 0
github.com/MarkoPoloResearchLab/ledger/api/credit/v1/credit.pb.go:965.2,965.11 1 0
github.com/MarkoPoloResearchLab/ledger/api/credit/v1/credit.pb.go:968.43,969.14 1 0
github.com/MarkoPoloResearchLab/ledger/api/credit/v1/credit.pb.go:969.14,971.3 1 0
github.com/MarkoPoloResearchLab/ledger/api/credit/v1/credit.pb.go:972.2,972.10 1 0
github.com/MarkoPoloResearchLab/ledger/api/credit/v1/credit.pb.go:975.45,976.14 1 0
github.com/MarkoPoloResearchLab/ledger/api/credit/v1/credit.pb.go:976.14,978.3 1 0
github.com/MarkoPoloResearchLab/ledger/api/credit/v1/credit.pb.go:979.2,979.11 1 0
github.com/MarkoPoloResearchLab/ledger/api/credit/v1/credit.pb.go:996.38,1001.2 4 0
github.com/MarkoPoloResearchLab/ledger/api/credit/v1/credit.pb.go:1003.46,1005.2 1 0
github.com/MarkoPoloResearchLab/ledger/api/credit/v1/credit.pb.go:1007.44,1007.45 0 0
github.com/MarkoPoloResearchLab/ledger/api/credit/v1/credit.pb.go:1009.66,1011.14 2 0
github.com/MarkoPoloResearchLab/ledger/api/credit/v1/credit.pb.go:1011.14,1013.34 2 0
github.com/MarkoPoloResearchLab/ledger/api/credit/v1/credit.pb.go:1013.34,1015.4 1 0
github.com/MarkoPoloResearchLab/ledger/api/credit/v1/credit.pb.go:1016.3,1016.12 1 0
github.com/MarkoPoloResearchLab/ledger/api/credit/v1/credit.pb.go:1018.2,1018.24 1 0
github.com/MarkoPoloResearchLab/ledger/api/credit/v1/credit.pb.go:1022.57,1024.2 1 0
github.com/MarkoPoloResearchLab/ledger/api/credit/v1/credit.pb.go:1026.49,1027.14 1 0
github.com/MarkoPoloResearchLab/ledger/api/credit/v1/credit.pb.go:1027.14,1029.3 1 0
github.com/MarkoPoloResearchLab/ledger/api/credit/v1/credit.pb.go:1030.2,1030.11 1 0
github.com/MarkoPoloResearchLab/ledger/api/credit/v1/credit.pb.go:1033.55,1034.14 1 0
github.com/MarkoPoloResearchLab/ledger/api/credit/v1/credit.pb.go:1034.14,1036.3 1 0
github.com/MarkoPoloResearchLab/ledger/api/credit/v1/credit.pb.go:1037.2,1037.10 1 0
github.com/MarkoPoloResearchLab/ledger/api/credit/v1/credit.pb.go:1040.47,1041.14 1 0
github.com/MarkoPoloResearchLab/ledger/api/credit/v1/credit.pb.go:1041.14,1043.3 1 0
github.com/MarkoPoloResearchLab/ledger/api/credit/v1/credit.pb.go:1044.2,1044.10 1 0
github.com/MarkoPoloResearchLab/ledger/api/credit/v1/credit.pb.go:1047.51,1048.14 1 0
github.com/MarkoPoloResearchLab/ledger/api/credit/v1/credit.pb.go:1048.14,1050.3 1 0
github.com/MarkoPoloResearchLab/ledger/api/credit/v1/credit.pb.go:1051.2,1051.11 1 0
github.com/MarkoPoloResearchLab/ledger/api/credit/v1/credit.pb.go:1054.51,1055.14 1 0
github.com/MarkoPoloResearchLab/ledger/api/credit/v1/credit.pb.go:1055.14,1057.3 1 0
github.com/MarkoPoloResearchLab/ledger/api/credit/v1/credit.pb.go:1058.2,1058.11 1 0
github.com/MarkoPoloResearchLab/ledger/api/credit/v1/credit.pb.go:1061.50,1062.14 1 0
github.com/MarkoPoloResearchLab/ledger/api/credit/v1/credit.pb.go:1062.14,1064.3 1 0
github.com/MarkoPoloResearchLab/ledger/api/credit/v1/credit.pb.go:1065.2,1065.12 1 0
github.com/MarkoPoloResearchLab/ledger/api/credit/v1/credit.pb.go:1068.56,1069.14 1 0
github.com/MarkoPoloResearchLab/ledger/api/credit/v1/credit.pb.go:1069.14,1071.3 1 0
github.com/MarkoPoloResearchLab/ledger/api/credit/v1/credit.pb.go:1072.2,1072.11 1 0
github.com/MarkoPoloResearchLab/ledger/api/credit/v1/credit.pb.go:1075.63,1076.14 1 0
github.com/MarkoPoloResearchLab/ledger/api/credit/v1/credit.pb.go:1076.14,1078.3 1 0
github.com/MarkoPoloResearchLab/ledger/api/credit/v1/credit.pb.go:1079.2,1079.11 1 0
github.com/MarkoPoloResearchLab/ledger/api/credit/v1/credit.pb.go:1089.39,1094.2 4 0
github.com/MarkoPoloResearchLab/ledger/api/credit/v1/credit.pb.go:1096.47,1098.2 1 0
github.com/MarkoPoloResearchLab/ledger/api/credit/v1/credit.pb.go:1100.45,1100.46 0 0
github.com/MarkoPoloResearchLab/ledger/api/credit/v1/credit.pb.go:1102.67,1104.14 2 0
github.com/MarkoPoloResearchLab/ledger/api/credit/v1/credit.pb.go:1104.14,1106.34 2 0
github.com/MarkoPoloResearchLab/ledger/api/credit/v1/credit.pb.go:1106.34,1108.4 1 0
github.com/MarkoPoloResearchLab/ledger/api/credit/v1/credit.pb.go:1109.3,1109.12 1 0
github.com/MarkoPoloResearchLab/ledger/api/credit/v1/credit.pb.go:1111.2,1111.24 1 0
github.com/MarkoPoloResearchLab/ledger/api/credit/v1/credit.pb.go:1115.58,1117.2 1 0
github.com/MarkoPoloResearchLab/ledger/api/credit/v1/credit.pb.go:1119.53,1120.14 1 0
github.com/MarkoPoloResearchLab/ledger/api/credit/v1/credit.pb.go:1120.14,1122.3 1 0
github.com/MarkoPoloResearchLab/ledger/api/credit/v1/credit.pb.go:1123.2,1123.12 1 0
github.com/MarkoPoloResearchLab/ledger/api/credit/v1/credit.pb.go:1141.31,1146.2 4 0
github.com/MarkoPoloResearchLab/ledger/api/credit/v1/credit.pb.go:1148.39,1150.2 1 0
github.com/MarkoPoloResearchLab/ledger/api/credit/v1/credit.pb.go:1152.37,1152.38 0 0
github.com/MarkoPoloResearchLab/ledger/api/credit/v1/credit.pb.go:1154.59,1156.14 2 0
github.com/MarkoPoloResearchLab/ledger/api/credit/v1/credit.pb.go:1156.14,1158.34 2 0
github.com/MarkoPoloResearchLab/ledger/api/credit/v1/credit.pb.go:1158.34,1160.4 1 0
github.com/MarkoPoloResearchLab/ledger/api/credit/v1/credit.pb.go:1161.3,1161.12 1 0
github.com/MarkoPoloResearchLab/ledger/api/credit/v1/credit.pb.go:1163.2,1163.24 1 0
github.com/MarkoPoloResearchLab/ledger/api/credit/v1/credit.pb.go:1167.50,1169.2 1 0
github.com/MarkoPoloResearchLab/ledger/api/credit/v1/credit.pb.go:1171.49,1172.14 1 0
github.com/MarkoPoloResearchLab/ledger/api/credit/v1/credit.pb.go:1172.14,1174.3 1 0
github.com/MarkoPoloResearchLab/ledger/api/credit/v1/credit.pb.go:1175.2,1175.11 1 0
github.com/MarkoPoloResearchLab/ledger/api/credit/v1/credit.pb.go:1178.46,1179.14 1 0
github.com/MarkoPoloResearchLab/ledger/api/credit/v1/credit.pb.go:1179.14,1181.3 1 0
github.com/MarkoPoloResearchLab/ledger/api/credit/v1/credit.pb.go:1182.2,1182.10 1 0
github.com/MarkoPoloResearchLab/ledger/api/credit/v1/credit.pb.go:1185.42,1186.14 1 0
github.com/MarkoPoloResearchLab/ledger/api/credit/v1/credit.pb.go:1186.14,1188.3 1 0
github.com/MarkoPoloResearchLab/ledger/api/credit/v1/credit.pb.go:1189.2,1189.11 1 0
github.com/MarkoPoloResearchLab/ledger/api/credit/v1/credit.pb.go:1192.51,1193.14 1 0
github.com/MarkoPoloResearchLab/ledger/api/credit/v1/credit.pb.go:1193.14,1195.3 1 0
github.com/MarkoPoloResearchLab/ledger/api/credit/v1/credit.pb.go:1196.2,1196.10 1 0
github.com/MarkoPoloResearchLab/ledger/api/credit/v1/credit.pb.go:1199.49,1200.14 1 0
github.com/MarkoPoloResearchLab/ledger/api/credit/v1/credit.pb.go:1200.14,1202.3 1 0
github.com/MarkoPoloResearchLab/ledger/api/credit/v1/credit.pb.go:1203.2,1203.10 1 0
github.com/MarkoPoloResearchLab/ledger/api/credit/v1/credit.pb.go:1206.49,1207.14 1 0
github.com/MarkoPoloResearchLab/ledger/api/credit/v1/credit.pb.go:1207.14,1209.3 1 0
github.com/MarkoPoloResearchLab/ledger/api/credit/v1/credit.pb.go:1210.2,1210.10 1 0
github.com/MarkoPoloResearchLab/ledger/api/credit/v1/credit.pb.go:1213.41,1214.14 1 0
github.com/MarkoPoloResearchLab/ledger/api/credit/v1/credit.pb.go:1214.14,1216.3 1 0
github.com/MarkoPoloResearchLab/ledger/api/credit/v1/credit.pb.go:1217.2,1217.14 1 0
github.com/MarkoPoloResearchLab/ledger/api/credit/v1/credit.pb.go:1220.44,1221.14 1 0
github.com/MarkoPoloResearchLab/ledger/api/credit/v1/credit.pb.go:1221.14,1223.3 1 0
github.com/MarkoPoloResearchLab/ledger/api/credit/v1/credit.pb.go:1224.2,1224.10 1 0
github.com/MarkoPoloResearchLab/ledger/api/credit/v1/credit.pb.go:1227.48,1228.14 1 0
github.com/MarkoPoloResearchLab/ledger/api/credit/v1/credit.pb.go:1228.14,1230.3 1 0
github.com/MarkoPoloResearchLab/ledger/api/credit/v1/credit.pb.go:1231.2,1231.10 1 0
github.com/MarkoPoloResearchLab/ledger/api/credit/v1/credit.pb.go:1244.41,1249.2 4 0
github.com/MarkoPoloResearchLab/ledger/api/credit/v1/credit.pb.go:1251.49,1253.2 1 0
github.com/MarkoPoloResearchLab/ledger/api/credit/v1/credit.pb.go:1255.47,1255.48 0 0
github.com/MarkoPoloResearchLab/ledger/api/credit/v1/credit.pb.go:1257.69,1259.14 2 0
github.com/MarkoPoloResearchLab/ledger/api/credit/v1/credit.pb.go:1259.14,1261.34 2 0
github.com/MarkoPoloResearchLab/ledger/api/credit/v1/credit.pb.go:1261.34,1263.4 1 0
github.com/MarkoPoloResearchLab/ledger/api/credit/v1/credit.pb.go:1264.3,1264.12 1 0
github.com/MarkoPoloResearchLab/ledger/api/credit/v1/credit.pb.go:1266.2,1266.24 1 0
github.com/MarkoPoloResearchLab/ledger/api/credit/v1/credit.pb.go:1270.60,1272.2 1 0
github.com/MarkoPoloResearchLab/ledger/api/credit/v1/credit.pb.go:1274.52,1275.14 1 0
github.com/MarkoPoloResearchLab/ledger/api/credit/v1/credit.pb.go:1275.14,1277.3 1 0
github.com/MarkoPoloResearchLab/ledger/api/credit/v1/credit.pb.go:1278.2,1278.11 1 0
github.com/MarkoPoloResearchLab/ledger/api/credit/v1/credit.pb.go:1281.54,1282.14 1 0
github.com/MarkoPoloResearchLab/ledger/api/credit/v1/credit.pb.go:1282.14,1284.3 1 0
github.com/MarkoPoloResearchLab/ledger/api/credit/v1/credit.pb.go:1285.2,1285.11 1 0
github.com/MarkoPoloResearchLab/ledger/api/credit/v1/credit.pb.go:1288.54,1289.14 1 0
github.com/MarkoPoloResearchLab/ledger/api/credit/v1/credit.pb.go:1289.14,1291.3 1 0
github.com/MarkoPoloResearchLab/ledger/api/credit/v1/credit.pb.go:1292.2,1292.11 1 0
github.com/MarkoPoloResearchLab/ledger/api/credit/v1/credit.pb.go:1295.59,1296.14 1 0
github.com/MarkoPoloResearchLab/ledger/api/credit/v1/credit.pb.go:1296.14,1298.3 1 0
github.com/MarkoPoloResearchLab/ledger/api/credit/v1/credit.pb.go:1299.2,1299.11 1 0
github.com/MarkoPoloResearchLab/ledger/api/credit/v1/credit.pb.go:1309.42,1314.2 4 0
github.com/MarkoPoloResearchLab/ledger/api/credit/v1/credit.pb.go:1316.50,1318.2 1 0
github.com/MarkoPoloResearchLab/ledger/api/credit/v1/credit.pb.go:1320.48,1320.49 0 0
github.com/MarkoPoloResearchLab/ledger/api/credit/v1/credit.pb.go:1322.70,1324.14 2 0
github.com/MarkoPoloResearchLab/ledger/api/credit/v1/credit.pb.go:1324.14,1326.34 2 0
github.com/MarkoPoloResearchLab/ledger/api/credit/v1/credit.pb.go:1326.34,1328.4 1 0
github.com/MarkoPoloResearchLab/ledger/api/credit/v1/credit.pb.go:1329.3,1329.12 1 0
github.com/MarkoPoloResearchLab/ledger/api/credit/v1/credit.pb.go:1331.2,1331.24 1 0
github.com/MarkoPoloResearchLab/ledger/api/credit/v1/credit.pb.go:1335.61,1337.2 1 0
github.com/MarkoPoloResearchLab/ledger/api/credit/v1/credit.pb.go:1339.64,1340.14 1 0
github.com/MarkoPoloResearchLab/ledger/api/credit/v1/credit.pb.go:1340.14,1342.3 1 0
github.com/MarkoPoloResearchLab/ledger/api/credit/v1/credit.pb.go:1343.2,1343.12 1 0
github.com/MarkoPoloResearchLab/ledger/api/credit/v1/credit.pb.go:1358.43,1363.2 4 0
github.com/MarkoPoloResearchLab/ledger/api/credit/v1/credit.pb.go:1365.51,1367.2 1 0
github.com/MarkoPoloResearchLab/ledger/api/credit/v1/credit.pb.go:1369.49,1369.50 0 0
github.com/MarkoPoloResearchLab/ledger/api/credit/v1/credit.pb.go:1371.71,1373.14 2 0
github.com/MarkoPoloResearchLab/ledger/api/credit/v1/credit.pb.go:1373.14,1375.34 2 0
github.com/MarkoPoloResearchLab/ledger/api/credit/v1/credit.pb.go:1375.34,1377.4 1 0
github.com/MarkoPoloResearchLab/ledger/api/credit/v1/credit.pb.go:1378.3,1378.12 1 0
github.com/MarkoPoloResearchLab/ledger/api/credit/v1/credit.pb.go:1380.2,1380.24 1 0
github.com/MarkoPoloResearchLab/ledger/api/credit/v1/credit.pb.go:1384.62,1386.2 1 0
github.com/MarkoPoloResearchLab/ledger/api/credit/v1/credit.pb.go:1388.54,1389.14 1 0
github.com/MarkoPoloResearchLab/ledger/api/credit/v1/credit.pb.go:1389.14,1391.3 1 0
github.com/MarkoPoloResearchLab/ledger/api/credit/v1/credit.pb.go:1392.2,1392.11 1 0
github.com/MarkoPoloResearchLab/ledger/api/credit/v1/credit.pb.go:1395.56,1396.14 1 0
github.com/MarkoPoloResearchLab/ledger/api/credit/v1/credit.pb.go:1396.14,1398.3 1 0
github.com/MarkoPoloResearchLab/ledger/api/credit/v1/credit.pb.go:1399.2,1399.11 1 0
github.com/MarkoPoloResearchLab/ledger/api/credit/v1/credit.pb.go:1402.56,1403.14 1 0
github.com/MarkoPoloResearchLab/ledger/api/credit/v1/credit.pb.go:1403.14,1405.3 1 0
github.com/MarkoPoloResearchLab/ledger/api/credit/v1/credit.pb.go:1406.2,1406.11 1 0
github.com/MarkoPoloResearchLab/ledger/api/credit/v1/credit.pb.go:1409.67,1410.14 1 0
github.com/MarkoPoloResearchLab/ledger/api/credit/v1/credit.pb.go:1410.14,1412.3 1 0
github.com/MarkoPoloResearchLab/ledger/api/credit/v1/credit.pb.go:1413.2,1413.10 1 0
github.com/MarkoPoloResearchLab/ledger/api/credit/v1/credit.pb.go:1416.52,1417.14 1 0
github.com/MarkoPoloResearchLab/ledger/api/credit/v1/credit.pb.go:1417.14,1419.3 1 0
github.com/MarkoPoloResearchLab/ledger/api/credit/v1/credit.pb.go:1420.2,1420.10 1 0
github.com/MarkoPoloResearchLab/ledger/api/credit/v1/credit.pb.go:1423.58,1424.14 1 0
github.com/MarkoPoloResearchLab/ledger/api/credit/v1/credit.pb.go:1424.14,1426.3 1 0
github.com/MarkoPoloResearchLab/ledger/api/credit/v1/credit.pb.go:1427.2,1427.12 1 0
github.com/MarkoPoloResearchLab/ledger/api/credit/v1/credit.pb.go:1437.44,1442.2 4 0
github.com/MarkoPoloResearchLab/ledger/api/credit/v1/credit.pb.go:1444.52,1446.2 1 0
github.com/MarkoPoloResearchLab/ledger/api/credit/v1/credit.pb.go:1448.50,1448.51 0 0
github.com/MarkoPoloResearchLab/ledger/api/credit/v1/credit.pb.go:1450.72,1452.14 2 0
github.com/MarkoPoloResearchLab/ledger/api/credit/v1/credit.pb.go:1452.14,1454.34 2 0
github.com/MarkoPoloResearchLab/ledger/api/credit/v1/credit.pb.go:1454.34,1456.4 1 0
github.com/MarkoPoloResearchLab/ledger/api/credit/v1/credit.pb.go:1457.3,1457.12 1 0
github.com/MarkoPoloResearchLab/ledger/api/credit/v1/credit.pb.go:1459.2,1459.24 1 0
github.com/MarkoPoloResearchLab/ledger/api/credit/v1/credit.pb.go:1463.63,1465.2 1 0
github.com/MarkoPoloResearchLab/ledger/api/credit/v1/credit.pb.go:1467.69,1468.14 1 0
github.com/MarkoPoloResearchLab/ledger/api/credit/v1/credit.pb.go:1468.14,1470.3 1 0
github.com/MarkoPoloResearchLab/ledger/api/credit/v1/credit.pb.go:1471.2,1471.12 1 0
github.com/MarkoPoloResearchLab/ledger/api/credit/v1/credit.pb.go:1483.34,1488.2 4 0
github.com/MarkoPoloResearchLab/ledger/api/credit/v1/credit.pb.go:1490.42,1492.2 1 0
github.com/MarkoPoloResearchLab/ledger/api/credit/v1/credit.pb.go:1494.40,1494.41 0 0
github.com/MarkoPoloResearchLab/ledger/api/credit/v1/credit.pb.go:1496.62,1498.14 2 0
github.com/MarkoPoloResearchLab/ledger/api/credit/v1/credit.pb.go:1498.14,1500.34 2 0
github.com/MarkoPoloResearchLab/ledger/api/credit/v1/credit.pb.go:1500.34,1502.4 1 0
github.com/MarkoPoloResearchLab/ledger/api/credit/v1/credit.pb.go:1503.3,1503.12 1 0
github.com/MarkoPoloResearchLab/ledger/api/credit/v1/credit.pb.go:1505.2,1505.24 1 0
github.com/MarkoPoloResearchLab/ledger/api/credit/v1/credit.pb.go:1509.53,1511.2 1 0
github.com/MarkoPoloResearchLab/ledger/api/credit/v1/credit.pb.go:1513.45,1514.14 1 0
github.com/MarkoPoloResearchLab/ledger/api/credit/v1/credit.pb.go:1514.14,1516.3 1 0
github.com/MarkoPoloResearchLab/ledger/api/credit/v1/credit.pb.go:1517.2,1517.11 1 0
github.com/MarkoPoloResearchLab/ledger/api/credit/v1/credit.pb.go:1520.47,1521.14 1 0
github.com/MarkoPoloResearchLab/ledger/api/credit/v1/credit.pb.go:1521.14,1523.3 1 0
github.com/MarkoPoloResearchLab/ledger/api/credit/v1/credit.pb.go:1524.2,1524.11 1 0
github.com/MarkoPoloResearchLab/ledger/api/credit/v1/credit.pb.go:1527.47,1528.14 1 0
github.com/MarkoPoloResearchLab/ledger/api/credit/v1/credit.pb.go:1528.14,1530.3 1 0
github.com/MarkoPoloResearchLab/ledger/api/credit/v1/credit.pb.go:1531.2,1531.11 1 0
github.com/MarkoPoloResearchLab/ledger/api/credit/v1/credit.pb.go:1544.32,1549.2 4 0
github.com/MarkoPoloResearchLab/ledger/api/credit/v1/credit.pb.go:1551.40,1553.2 1 0
github.com/MarkoPoloResearchLab/ledger/api/credit/v1/credit.pb.go:1555.38,1555.39 0 0
github.com/MarkoPoloResearchLab/ledger/api/credit/v1/credit.pb.go:1557.60,1559.14 2 0
github.com/MarkoPoloResearchLab/ledger/api/credit/v1/credit.pb.go:1559.14,1561.34 2 0
github.com/MarkoPoloResearchLab/ledger/api/credit/v1/credit.pb.go:1561.34,1563.4 1 0
github.com/MarkoPoloResearchLab/ledger/api/credit/v1/credit.pb.go:1564.3,1564.12 1 0
github.com/MarkoPoloResearchLab/ledger/api/credit/v1/credit.pb.go:1566.2,1566.24 1 0
github.com/MarkoPoloResearchLab/ledger/api/credit/v1/credit.pb.go:1570.51,1572.2 1 0
github.com/MarkoPoloResearchLab/ledger/api/credit/v1/credit.pb.go:1574.47,1575.14 1 0
github.com/MarkoPoloResearchLab/ledger/api/credit/v1/credit.pb.go:1575.14,1577.3 1 0
github.com/MarkoPoloResearchLab/ledger/api/credit/v1/credit.pb.go:1578.2,1578.10 1 0
github.com/MarkoPoloResearchLab/ledger/api/credit/v1/credit.pb.go:1581.51,1582.14 1 0
github.com/MarkoPoloResearchLab/ledger/api/credit/v1/credit.pb.go:1582.14,1584.3 1 0
github.com/MarkoPoloResearchLab/ledger/api/credit/v1/credit.pb.go:1585.2,1585.11 1 0
github.com/MarkoPoloResearchLab/ledger/api/credit/v1/credit.pb.go:1588.52,1589.14 1 0
github.com/MarkoPoloResearchLab/ledger/api/credit/v1/credit.pb.go:1589.14,1591.3 1 0
github.com/MarkoPoloResearchLab/ledger/api/credit/v1/credit.pb.go:1592.2,1592.10 1 0
github.com/MarkoPoloResearchLab/ledger/api/credit/v1/credit.pb.go:1595.49,1596.14 1 0
github.com/MarkoPoloResearchLab/ledger/api/credit/v1/credit.pb.go:1596.14,1598.3 1 0
github.com/MarkoPoloResearchLab/ledger/api/credit/v1/credit.pb.go:1599.2,1599.11 1 0
github.com/MarkoPoloResearchLab/ledger/api/credit/v1/credit.pb.go:1613.34,1618.2 4 0
github.com/MarkoPoloResearchLab/ledger/api/credit/v1/credit.pb.go:1620.42,1622.2 1 0
github.com/MarkoPoloResearchLab/ledger/api/credit/v1/credit.pb.go:1624.40,1624.41 0 0
github.com/MarkoPoloResearchLab/ledger/api/credit/v1/credit.pb.go:1626.62,1628.14 2 0
github.com/MarkoPoloResearchLab/ledger/api/credit/v1/credit.pb.go:1628.14,1630.34 2 0
github.com/MarkoPoloResearchLab/ledger/api/credit/v1/credit.pb.go:1630.34,1632.4 1 0
github.com/MarkoPoloResearchLab/ledger/api/credit/v1/credit.pb.go:1633.3,1633.12 1 0
github.com/MarkoPoloResearchLab/ledger/api/credit/v1/credit.pb.go:1635.2,1635.24 1 0
github.com/MarkoPoloResearchLab/ledger/api/credit/v1/credit.pb.go:1639.53,1641.2 1 0
github.com/MarkoPoloResearchLab/ledger/api/credit/v1/credit.pb.go:1643.49,1644.14 1 0
github.com/MarkoPoloResearchLab/ledger/api/credit/v1/credit.pb.go:1644.14,1646.3 1 0
github.com/MarkoPoloResearchLab/ledger/api/credit/v1/credit.pb.go:1647.2,1647.10 1 0
github.com/MarkoPoloResearchLab/ledger/api/credit/v1/credit.pb.go:1650.52,1651.14 1 0
github.com/MarkoPoloResearchLab/ledger/api/credit/v1/credit.pb.go:1651.14,1653.3 1 0
github.com/MarkoPoloResearchLab/ledger/api/credit/v1/credit.pb.go:1654.2,1654.11 1 0
github.com/MarkoPoloResearchLab/ledger/api/credit/v1/credit.pb.go:1657.53,1658.14 1 0
github.com/MarkoPoloResearchLab/ledger/api/credit/v1/credit.pb.go:1658.14,1660.3 1 0
github.com/MarkoPoloResearchLab/ledger/api/credit/v1/credit.pb.go:1661.2,1661.11 1 0
github.com/MarkoPoloResearchLab/ledger/api/credit/v1/credit.pb.go:1664.51,1665.14 1 0
github.com/MarkoPoloResearchLab/ledger/api/credit/v1/credit.pb.go:1665.14,1667.3 1 0
github.com/MarkoPoloResearchLab/ledger/api/credit/v1/credit.pb.go:1668.2,1668.11 1 0
github.com/MarkoPoloResearchLab/ledger/api/credit/v1/credit.pb.go:1671.54,1672.14 1 0
github.com/MarkoPoloResearchLab/ledger/api/credit/v1/credit.pb.go:1672.14,1674.3 1 0
github.com/MarkoPoloResearchLab/ledger/api/credit/v1/credit.pb.go:1675.2,1675.10 1 0
github.com/MarkoPoloResearchLab/ledger/api/credit/v1/credit.pb.go:1688.34,1693.2 4 0
github.com/MarkoPoloResearchLab/ledger/api/credit/v1/credit.pb.go:1695.42,1697.2 1 0
github.com/MarkoPoloResearchLab/ledger/api/credit/v1/credit.pb.go:1699.40,1699.41 0 0
github.com/MarkoPoloResearchLab/ledger/api/credit/v1/credit.pb.go:1701.62,1703.14 2 0
github.com/MarkoPoloResearchLab/ledger/api/credit/v1/credit.pb.go:1703.14,1705.34 2 0
github.com/MarkoPoloResearchLab/ledger/api/credit/v1/credit.pb.go:1705.34,1707.4 1 0
github.com/MarkoPoloResearchLab/ledger/api/credit/v1/credit.pb.go:1708.3,1708.12 1 0
github.com/MarkoPoloResearchLab/ledger/api/credit/v1/credit.pb.go:1710.2,1710.24 1 0
github.com/MarkoPoloResearchLab/ledger/api/credit/v1/credit.pb.go:1714.53,1716.2 1 0
github.com/MarkoPoloResearchLab/ledger/api/credit/v1/credit.pb.go:1718.52,1719.14 1 0
github.com/MarkoPoloResearchLab/ledger/api/credit/v1/credit.pb.go:1719.14,1721.3 1 0
github.com/MarkoPoloResearchLab/ledger/api/credit/v1/credit.pb.go:1722.2,1722.11 1 0
github.com/MarkoPoloResearchLab/ledger/api/credit/v1/credit.pb.go:1725.53,1726.14 1 0
github.com/MarkoPoloResearchLab/ledger/api/credit/v1/credit.pb.go:1726.14,1728.3 1 0
github.com/MarkoPoloResearchLab/ledger/api/credit/v1/credit.pb.go:1729.2,1729.11 1 0
github.com/MarkoPoloResearchLab/ledger/api/credit/v1/credit.pb.go:1732.49,1733.14 1 0
github.com/MarkoPoloResearchLab/ledger/api/credit/v1/credit.pb.go:1733.14,1735.3 1 0
github.com/MarkoPoloResearchLab/ledger/api/credit/v1/credit.pb.go:1736.2,1736.10 1 0
github.com/MarkoPoloResearchLab/ledger/api/credit/v1/credit.pb.go:1739.51,1740.14 1 0
github.com/MarkoPoloResearchLab/ledger/api/credit/v1/credit.pb.go:1740.14,1742.3 1 0
github.com/MarkoPoloResearchLab/ledger/api/credit/v1/credit.pb.go:1743.2,1743.11 1 0
github.com/MarkoPoloResearchLab/ledger/api/credit/v1/credit.pb.go:1755.34,1760.2 4 0
github.com/MarkoPoloResearchLab/ledger/api/credit/v1/credit.pb.go:1762.42,1764.2 1 0
github.com/MarkoPoloResearchLab/ledger/api/credit/v1/credit.pb.go:1766.40,1766.41 0 0
github.com/MarkoPoloResearchLab/ledger/api/credit/v1/credit.pb.go:1768.62,1770.14 2 0
github.com/MarkoPoloResearchLab/ledger/api/credit/v1/credit.pb.go:1770.14,1772.34 2 0
github.com/MarkoPoloResearchLab/ledger/api/credit/v1/credit.pb.go:1772.34,1774.4 1 0
github.com/MarkoPoloResearchLab/ledger/api/credit/v1/credit.pb.go:1775.3,1775.12 1 0
github.com/MarkoPoloResearchLab/ledger/api/credit/v1/credit.pb.go:1777.2,1777.24 1 0
github.com/MarkoPoloResearchLab/ledger/api/credit/v1/credit.pb.go:1781.53,1783.2 1 0
github.com/MarkoPoloResearchLab/ledger/api/credit/v1/credit.pb.go:1785.52,1786.14 1 0
github.com/MarkoPoloResearchLab/ledger/api/credit/v1/credit.pb.go:1786.14,1788.3 1 0
github.com/MarkoPoloResearchLab/ledger/api/credit/v1/credit.pb.go:1789.2,1789.11 1 0
github.com/MarkoPoloResearchLab/ledger/api/credit/v1/credit.pb.go:1792.53,1793.14 1 0
github.com/MarkoPoloResearchLab/ledger/api/credit/v1/credit.pb.go:1793.14,1795.3 1 0
github.com/MarkoPoloResearchLab/ledger/api/credit/v1/credit.pb.go:1796.2,1796.11 1 0
github.com/MarkoPoloResearchLab/ledger/api/credit/v1/credit.pb.go:1799.51,1800.14 1 0
github.com/MarkoPoloResearchLab/ledger/api/credit/v1/credit.pb.go:1800.14,1802.3 1 0
github.com/MarkoPoloResearchLab/ledger/api/credit/v1/credit.pb.go:1803.2,1803.11 1 0
github.com/MarkoPoloResearchLab/ledger/api/credit/v1/credit.pb.go:1815.32,1820.2 4 0
github.com/MarkoPoloResearchLab/ledger/api/credit/v1/credit.pb.go:1822.40,1824.2 1 0
github.com/MarkoPoloResearchLab/ledger/api/credit/v1/credit.pb.go:1826.38,1826.39 0 0
github.com/MarkoPoloResearchLab/ledger/api/credit/v1/credit.pb.go:1828.60,1830.14 2 0
github.com/MarkoPoloResearchLab/ledger/api/credit/v1/credit.pb.go:1830.14,1832.34 2 0
github.com/MarkoPoloResearchLab/ledger/api/credit/v1/credit.pb.go:1832.34,1834.4 1 0
github.com/MarkoPoloResearchLab/ledger/api/credit/v1/credit.pb.go:1835.3,1835.12 1 0
github.com/MarkoPoloResearchLab/ledger/api/credit/v1/credit.pb.go:1837.2,1837.24 1 0
github.com/MarkoPoloResearchLab/ledger/api/credit/v1/credit.pb.go:1841.51,1843.2 1 0
github.com/MarkoPoloResearchLab/ledger/api/credit/v1/credit.pb.go:1845.47,1846.14 1 0
github.com/MarkoPoloResearchLab/ledger/api/credit/v1/credit.pb.go:1846.14,1848.3 1 0
github.com/MarkoPoloResearchLab/ledger/api/credit/v1/credit.pb.go:1849.2,1849.10 1 0
github.com/MarkoPoloResearchLab/ledger/api/credit/v1/credit.pb.go:1852.51,1853.14 1 0
github.com/MarkoPoloResearchLab/ledger/api/credit/v1/credit.pb.go:1853.14,1855.3 1 0
github.com/MarkoPoloResearchLab/ledger/api/credit/v1/credit.pb.go:1856.2,1856.11 1 0
github.com/MarkoPoloResearchLab/ledger/api/credit/v1/credit.pb.go:1859.49,1860.14 1 0
github.com/MarkoPoloResearchLab/ledger/api/credit/v1/credit.pb.go:1860.14,1862.3 1 0
github.com/MarkoPoloResearchLab/ledger/api/credit/v1/credit.pb.go:1863.2,1863.11 1 0
github.com/MarkoPoloResearchLab/ledger/api/credit/v1/credit.pb.go:1880.33,1885.2 4 0
github.com/MarkoPoloResearchLab/ledger/api/credit/v1/credit.pb.go:1887.41,1889.2 1 0
github.com/MarkoPoloResearchLab/ledger/api/credit/v1/credit.pb.go:1891.39,1891.40 0 0
github.com/MarkoPoloResearchLab/ledger/api/credit/v1/credit.pb.go:1893.61,1895.14 2 0
github.com/MarkoPoloResearchLab/ledger/api/credit/v1/credit.pb.go:1895.14,1897.34 2 0
github.com/MarkoPoloResearchLab/ledger/api/credit/v1/credit.pb.go:1897.34,1899.4 1 0
github.com/MarkoPoloResearchLab/ledger/api/credit/v1/credit.pb.go:1900.3,1900.12 1 0
github.com/MarkoPoloResearchLab/ledger/api/credit/v1/credit.pb.go:1902.2,1902.24 1 0
github.com/MarkoPoloResearchLab/ledger/api/credit/v1/credit.pb.go:1906.52,1908.2 1 0
github.com/MarkoPoloResearchLab/ledger/api/credit/v1/credit.pb.go:1910.64,1911.14 1 0
github.com/MarkoPoloResearchLab/ledger/api/credit/v1/credit.pb.go:1911.14,1913.3 1 0
github.com/MarkoPoloResearchLab/ledger/api/credit/v1/credit.pb.go:1914.2,1914.12 1 0
github.com/MarkoPoloResearchLab/ledger/api/credit/v1/credit.pb.go:1917.53,1918.14 1 0
github.com/MarkoPoloResearchLab/ledger/api/credit/v1/credit.pb.go:1918.14,1919.63 1 0
github.com/MarkoPoloResearchLab/ledger/api/credit/v1/credit.pb.go:1919.63,1921.4 1 0
github.com/MarkoPoloResearchLab/ledger/api/credit/v1/credit.pb.go:1923.2,1923.11 1 0
github.com/MarkoPoloResearchLab/ledger/api/credit/v1/credit.pb.go:1926.60,1927.14 1 0
github.com/MarkoPoloResearchLab/ledger/api/credit/v1/credit.pb.go:1927.14,1928.70 1 0
github.com/MarkoPoloResearchLab/ledger/api/credit/v1/credit.pb.go:1928.70,1930.4 1 0
github.com/MarkoPoloResearchLab/ledger/api/credit/v1/credit.pb.go:1932.2,1932.11 1 0
github.com/MarkoPoloResearchLab/ledger/api/credit/v1/credit.pb.go:1935.48,1936.14 1 0
github.com/MarkoPoloResearchLab/ledger/api/credit/v1/credit.pb.go:1936.14,1938.3 1 0
github.com/MarkoPoloResearchLab/ledger/api/credit/v1/credit.pb.go:1939.2,1939.10 1 0
github.com/MarkoPoloResearchLab/ledger/api/credit/v1/credit.pb.go:1942.52,1943.14 1 0
github.com/MarkoPoloResearchLab/ledger/api/credit/v1/credit.pb.go:1943.14,1945.3 1 0
github.com/MarkoPoloResearchLab/ledger/api/credit/v1/credit.pb.go:1946.2,1946.11 1 0
github.com/MarkoPoloResearchLab/ledger/api/credit/v1/credit.pb.go:1949.50,1950.14 1 0
github.com/MarkoPoloResearchLab/ledger/api/credit/v1/credit.pb.go:1950.14,1952.3 1 0
github.com/MarkoPoloResearchLab/ledger/api/credit/v1/credit.pb.go:1953.2,1953.11 1 0
github.com/MarkoPoloResearchLab/ledger/api/credit/v1/credit.pb.go:1968.67,1968.68 0 0
github.com/MarkoPoloResearchLab/ledger/api/credit/v1/credit.pb.go:1970.74,1970.75 0 0
github.com/MarkoPoloResearchLab/ledger/api/credit/v1/credit.pb.go:1988.34,1993.2 4 0
github.com/MarkoPoloResearchLab/ledger/api/credit/v1/credit.pb.go:1995.42,1997.2 1 0
github.com/MarkoPoloResearchLab/ledger/api/credit/v1/credit.pb.go:1999.40,1999.41 0 0
github.com/MarkoPoloResearchLab/ledger/api/credit/v1/credit.pb.go:2001.62,2003.14 2 0
github.com/MarkoPoloResearchLab/ledger/api/credit/v1/credit.pb.go:2003.14,2005.34 2 0
github.com/MarkoPoloResearchLab/ledger/api/credit/v1/credit.pb.go:2005.34,2007.4 1 0
github.com/MarkoPoloResearchLab/ledger/api/credit/v1/credit.pb.go:2008.3,2008.12 1 0
github.com/MarkoPoloResearchLab/ledger/api/credit/v1/credit.pb.go:2010.2,2010.24 1 0
github.com/MarkoPoloResearchLab/ledger/api/credit/v1/credit.pb.go:2014.53,2016.2 1 0
github.com/MarkoPoloResearchLab/ledger/api/credit/v1/credit.pb.go:2018.50,2019.14 1 0
github.com/MarkoPoloResearchLab/ledger/api/credit/v1/credit.pb.go:2019.14,2021.3 1 0
github.com/MarkoPoloResearchLab/ledger/api/credit/v1/credit.pb.go:2022.2,2022.11 1 0
github.com/MarkoPoloResearchLab/ledger/api/credit/v1/credit.pb.go:2025.68,2026.14 1 0
github.com/MarkoPoloResearchLab/ledger/api/credit/v1/credit.pb.go:2026.14,2028.3 1 0
github.com/MarkoPoloResearchLab/ledger/api/credit/v1/credit.pb.go:2029.2,2029.12 1 0
github.com/MarkoPoloResearchLab/ledger/api/credit/v1/credit.pb.go:2032.51,2033.14 1 0
github.com/MarkoPoloResearchLab/ledger/api/credit/v1/credit.pb.go:2033.14,2034.55 1 0
github.com/MarkoPoloResearchLab/ledger/api/credit/v1/credit.pb.go:2034.55,2036.4 1 0
github.com/MarkoPoloResearchLab/ledger/api/credit/v1/credit.pb.go:2038.2,2038.12 1 0
github.com/MarkoPoloResearchLab/ledger/api/credit/v1/credit.pb.go:2041.51,2042.14 1 0
github.com/MarkoPoloResearchLab/ledger/api/credit/v1/credit.pb.go:2042.14,2043.55 1 0
github.com/MarkoPoloResearchLab/ledger/api/credit/v1/credit.pb.go:2043.55,2045.4 1 0
github.com/MarkoPoloResearchLab/ledger/api/credit/v1/credit.pb.go:2047.2,2047.12 1 0
github.com/MarkoPoloResearchLab/ledger/api/credit/v1/credit.pb.go:2050.55,2051.14 1 0
github.com/MarkoPoloResearchLab/ledger/api/credit/v1/credit.pb.go:2051.14,2052.57 1 0
github.com/MarkoPoloResearchLab/ledger/api/credit/v1/credit.pb.go:2052.57,2054.4 1 0
github.com/MarkoPoloResearchLab/ledger/api/credit/v1/credit.pb.go:2056.2,2056.12 1 0
github.com/MarkoPoloResearchLab/ledger/api/credit/v1/credit.pb.go:2059.55,2060.14 1 0
github.com/MarkoPoloResearchLab/ledger/api/credit/v1/credit.pb.go:2060.14,2061.57 1 0
github.com/MarkoPoloResearchLab/ledger/api/credit/v1/credit.pb.go:2061.57,2063.4 1 0
github.com/MarkoPoloResearchLab/ledger/api/credit/v1/credit.pb.go:2065.2,2065.12 1 0
github.com/MarkoPoloResearchLab/ledger/api/credit/v1/credit.pb.go:2068.55,2069.14 1 0
github.com/MarkoPoloResearchLab/ledger/api/credit/v1/credit.pb.go:2069.14,2070.57 1 0
github.com/MarkoPoloResearchLab/ledger/api/credit/v1/credit.pb.go:2070.57,2072.4 1 0
github.com/MarkoPoloResearchLab/ledger/api/credit/v1/credit.pb.go:2074.2,2074.12 1 0
github.com/MarkoPoloResearchLab/ledger/api/credit/v1/credit.pb.go:2077.53,2078.14 1 0
github.com/MarkoPoloResearchLab/ledger/api/credit/v1/credit.pb.go:2078.14,2079.56 1 0
github.com/MarkoPoloResearchLab/ledger/api/credit/v1/credit.pb.go:2079.56,2081.4 1 0
github.com/MarkoPoloResearchLab/ledger/api/credit/v1/credit.pb.go:2083.2,2083.12 1 0
github.com/MarkoPoloResearchLab/ledger/api/credit/v1/credit.pb.go:2114.60,2114.61 0 0
github.com/MarkoPoloResearchLab/ledger/api/credit/v1/credit.pb.go:2116.60,2116.61 0 0
github.com/MarkoPoloResearchLab/ledger/api/credit/v1/credit.pb.go:2118.62,2118.63 0 0
github.com/MarkoPoloResearchLab/ledger/api/credit/v1/credit.pb.go:2120.62,2120.63 0 0
github.com/MarkoPoloResearchLab/ledger/api/credit/v1/credit.pb.go:2122.62,2122.63 0 0
github.com/MarkoPoloResearchLab/ledger/api/credit/v1/credit.pb.go:2124.61,2124.62 0 0
github.com/MarkoPoloResearchLab/ledger/api/credit/v1/credit.pb.go:2135.32,2140.2 4 0
github.com/MarkoPoloResearchLab/ledger/api/credit/v1/credit.pb.go:2142.40,2144.2 1 0
github.com/MarkoPoloResearchLab/ledger/api/credit/v1/credit.pb.go:2146.38,2146.39 0 0
github.com/MarkoPoloResearchLab/ledger/api/credit/v1/credit.pb.go:2148.60,2150.14 2 0
github.com/MarkoPoloResearchLab/ledger/api/credit/v1/credit.pb.go:2150.14,2152.34 2 0
github.com/MarkoPoloResearchLab/ledger/api/credit/v1/credit.pb.go:2152.34,2154.4 1 0
github.com/MarkoPoloResearchLab/ledger/api/credit/v1/credit.pb.go:2155.3,2155.12 1 0
github.com/MarkoPoloResearchLab/ledger/api/credit/v1/credit.pb.go:2157.2,2157.24 1 0
github.com/MarkoPoloResearchLab/ledger/api/credit/v1/credit.pb.go:2161.51,2163.2 1 0
github.com/MarkoPoloResearchLab/ledger/api/credit/v1/credit.pb.go:2165.53,2166.14 1 0
github.com/MarkoPoloResearchLab/ledger/api/credit/v1/credit.pb.go:2166.14,2168.3 1 0
github.com/MarkoPoloResearchLab/ledger/api/credit/v1/credit.pb.go:2169.2,2169.12 1 0
github.com/MarkoPoloResearchLab/ledger/api/credit/v1/credit.pb.go:2172.58,2173.14 1 0
github.com/MarkoPoloResearchLab/ledger/api/credit/v1/credit.pb.go:2173.14,2175.3 1 0
github.com/MarkoPoloResearchLab/ledger/api/credit/v1/credit.pb.go:2176.2,2176.12 1 0
github.com/MarkoPoloResearchLab/ledger/api/credit/v1/credit.pb.go:2179.41,2180.14 1 0
github.com/MarkoPoloResearchLab/ledger/api/credit/v1/credit.pb.go:2180.14,2182.3 1 0
github.com/MarkoPoloResearchLab/ledger/api/credit/v1/credit.pb.go:2183.2,2183.14 1 0
github.com/MarkoPoloResearchLab/ledger/api/credit/v1/credit.pb.go:2199.40,2204.2 4 0
github.com/MarkoPoloResearchLab/ledger/api/credit/v1/credit.pb.go:2206.48,2208.2 1 0
github.com/MarkoPoloResearchLab/ledger/api/credit/v1/credit.pb.go:2210.46,2210.47 0 0
github.com/MarkoPoloResearchLab/ledger/api/credit/v1/credit.pb.go:2212.68,2214.14 2 0
github.com/MarkoPoloResearchLab/ledger/api/credit/v1/credit.pb.go:2214.14,2216.34 2 0
github.com/MarkoPoloResearchLab/ledger/api/credit/v1/credit.pb.go:2216.34,2218.4 1 0
github.com/MarkoPoloResearchLab/ledger/api/credit/v1/credit.pb.go:2219.3,2219.12 1 0
github.com/MarkoPoloResearchLab/ledger/api/credit/v1/credit.pb.go:2221.2,2221.24 1 0
github.com/MarkoPoloResearchLab/ledger/api/credit/v1/credit.pb.go:2225.59,2227.2 1 0
github.com/MarkoPoloResearchLab/ledger/api/credit/v1/credit.pb.go:2229.56,2230.14 1 0
github.com/MarkoPoloResearchLab/ledger/api/credit/v1/credit.pb.go:2230.14,2232.3 1 0
github.com/MarkoPoloResearchLab/ledger/api/credit/v1/credit.pb.go:2233.2,2233.11 1 0
github.com/MarkoPoloResearchLab/ledger/api/credit/v1/credit.pb.go:2236.45,2237.14 1 0
github.com/MarkoPoloResearchLab/ledger/api/credit/v1/credit.pb.go:2237.14,2239.3 1 0
github.com/MarkoPoloResearchLab/ledger/api/credit/v1/credit.pb.go:2240.2,2240.14 1 0
github.com/MarkoPoloResearchLab/ledger/api/credit/v1/credit.pb.go:2243.54,2244.14 1 0
github.com/MarkoPoloResearchLab/ledger/api/credit/v1/credit.pb.go:2244.14,2246.3 1 0
github.com/MarkoPoloResearchLab/ledger/api/credit/v1/credit.pb.go:2247.2,2247.11 1 0
github.com/MarkoPoloResearchLab/ledger/api/credit/v1/credit.pb.go:2250.57,2251.14 1 0
github.com/MarkoPoloResearchLab/ledger/api/credit/v1/credit.pb.go:2251.14,2253.3 1 0
github.com/MarkoPoloResearchLab/ledger/api/credit/v1/credit.pb.go:2254.2,2254.11 1 0
github.com/MarkoPoloResearchLab/ledger/api/credit/v1/credit.pb.go:2257.52,2258.14 1 0
github.com/MarkoPoloResearchLab/ledger/api/credit/v1/credit.pb.go:2258.14,2260.3 1 0
github.com/MarkoPoloResearchLab/ledger/api/credit/v1/credit.pb.go:2261.2,2261.11 1 0
github.com/MarkoPoloResearchLab/ledger/api/credit/v1/credit.pb.go:2264.58,2265.14 1 0
github.com/MarkoPoloResearchLab/ledger/api/credit/v1/credit.pb.go:2265.14,2267.3 1 0
github.com/MarkoPoloResearchLab/ledger/api/credit/v1/credit.pb.go:2268.2,2268.10 1 0
github.com/MarkoPoloResearchLab/ledger/api/credit/v1/credit.pb.go:2271.52,2272.14 1 0
github.com/MarkoPoloResearchLab/ledger/api/credit/v1/credit.pb.go:2272.14,2274.3 1 0
github.com/MarkoPoloResearchLab/ledger/api/credit/v1/credit.pb.go:2275.2,2275.14 1 0
github.com/MarkoPoloResearchLab/ledger/api/credit/v1/credit.pb.go:2285.33,2290.2 4 0
github.com/MarkoPoloResearchLab/ledger/api/credit/v1/credit.pb.go:2292.41,2294.2 1 0
github.com/MarkoPoloResearchLab/ledger/api/credit/v1/credit.pb.go:2296.39,2296.40 0 0
github.com/MarkoPoloResearchLab/ledger/api/credit/v1/credit.pb.go:2298.61,2300.14 2 0
github.com/MarkoPoloResearchLab/ledger/api/credit/v1/credit.pb.go:2300.14,2302.34 2 0
github.com/MarkoPoloResearchLab/ledger/api/credit/v1/credit.pb.go:2302.34,2304.4 1 0
github.com/MarkoPoloResearchLab/ledger/api/credit/v1/credit.pb.go:2305.3,2305.12 1 0
github.com/MarkoPoloResearchLab/ledger/api/credit/v1/credit.pb.go:2307.2,2307.24 1 0
github.com/MarkoPoloResearchLab/ledger/api/credit/v1/credit.pb.go:2311.52,2313.2 1 0
github.com/MarkoPoloResearchLab/ledger/api/credit/v1/credit.pb.go:2315.62,2316.14 1 0
github.com/MarkoPoloResearchLab/ledger/api/credit/v1/credit.pb.go:2316.14,2318.3 1 0
github.com/MarkoPoloResearchLab/ledger/api/credit/v1/credit.pb.go:2319.2,2319.12 1 0
github.com/MarkoPoloResearchLab/ledger/api/credit/v1/credit.pb.go:2525.59,2526.56 1 0
github.com/MarkoPoloResearchLab/ledger/api/credit/v1/credit.pb.go:2526.56,2528.3 1 0
github.com/MarkoPoloResearchLab/ledger/api/credit/v1/credit.pb.go:2529.2,2529.52 1 0
github.com/MarkoPoloResearchLab/ledger/api/credit/v1/credit.pb.go:2607.13,2607.55 1 0
github.com/MarkoPoloResearchLab/ledger/api/credit/v1/credit.pb.go:2608.45,2609.44 1 0
github.com/MarkoPoloResearchLab/ledger/api/credit/v1/credit.pb.go:2609.44,2611.3 1 0
github.com/MarkoPoloResearchLab/ledger/api/credit/v1/credit.pb.go:2612.2,2644.47 8 0
github.com/MarkoPoloResearchLab/ledger/api/credit/v1/credit_grpc.pb.go:56.78,58.2 1 0
github.com/MarkoPoloResearchLab/ledger/api/credit/v1/credit_grpc.pb.go:60.134,64.16 4 0
github.com/MarkoPoloResearchLab/ledger/api/credit/v1/credit_grpc.pb.go:64.16,66.3 1 0
github.com/MarkoPoloResearchLab/ledger/api/credit/v1/credit_grpc.pb.go:67.2,67.17 1 0
github.com/MarkoPoloResearchLab/ledger/api/credit/v1/credit_grpc.pb.go:70.117,74.16 4 0
github.com/MarkoPoloResearchLab/ledger/api/credit/v1/credit_grpc.pb.go:74.16,76.3 1 0
github.com/MarkoPoloResearchLab/ledger/api/credit/v1/credit_grpc.pb.go:77.2,77.17 1 0
github.com/MarkoPoloResearchLab/ledger/api/credit/v1/credit_grpc.pb.go:80.121,84.16 4 0
github.com/MarkoPoloResearchLab/ledger/api/credit/v1/credit_grpc.pb.go:84.16,86.3 1 0
github.com/MarkoPoloResearchLab/ledger/api/credit/v1/credit_grpc.pb.go:87.2,87.17 1 0
github.com/MarkoPoloResearchLab/ledger/api/credit/v1/credit_grpc.pb.go:90.121,94.16 4 0
github.com/MarkoPoloResearchLab/ledger/api/credit/v1/credit_grpc.pb.go:94.16,96.3 1 0
github.com/MarkoPoloResearchLab/ledger/api/credit/v1/credit_grpc.pb.go:97.2,97.17 1 0
github.com/MarkoPoloResearchLab/ledger/api/credit/v1/credit_grpc.pb.go:100.121,104.16 4 0
github.com/MarkoPoloResearchLab/ledger/api/credit/v1/credit_grpc.pb.go:104.16,106.3 1 0
github.com/MarkoPoloResearchLab/ledger/api/credit/v1/credit_grpc.pb.go:107.2,107.17 1 0
github.com/MarkoPoloResearchLab/ledger/api/credit/v1/credit_grpc.pb.go:110.117,114.16 4 0
github.com/MarkoPoloResearchLab/ledger/api/credit/v1/credit_grpc.pb.go:114.16,116.3 1 0
github.com/MarkoPoloResearchLab/ledger/api/credit/v1/credit_grpc.pb.go:117.2,117.17 1 0
github.com/MarkoPoloResearchLab/ledger/api/credit/v1/credit_grpc.pb.go:120.128,124.16 4 0
github.com/MarkoPoloResearchLab/ledger/api/credit/v1/credit_grpc.pb.go:124.16,126.3 1 0
github.com/MarkoPoloResearchLab/ledger/api/credit/v1/credit_grpc.pb.go:127.2,127.17 1 0
github.com/MarkoPoloResearchLab/ledger/api/credit/v1/credit_grpc.pb.go:130.125,134.16 4 0
github.com/MarkoPoloResearchLab/ledger/api/credit/v1/credit_grpc.pb.go:134.16,136.3 1 0
github.com/MarkoPoloResearchLab/ledger/api/credit/v1/credit_grpc.pb.go:137.2,137.17 1 0
github.com/MarkoPoloResearchLab/ledger/api/credit/v1/credit_grpc.pb.go:140.143,144.16 4 0
github.com/MarkoPoloResearchLab/ledger/api/credit/v1/credit_grpc.pb.go:144.16,146.3 1 0
github.com/MarkoPoloResearchLab/ledger/api/credit/v1/credit_grpc.pb.go:147.2,147.17 1 0
github.com/MarkoPoloResearchLab/ledger/api/credit/v1/credit_grpc.pb.go:150.152,154.16 4 0
github.com/MarkoPoloResearchLab/ledger/api/credit/v1/credit_grpc.pb.go:154.16,156.3 1 0
github.com/MarkoPoloResearchLab/ledger/api/credit/v1/credit_grpc.pb.go:157.2,157.17 1 0
github.com/MarkoPoloResearchLab/ledger/api/credit/v1/credit_grpc.pb.go:160.158,164.16 4 0
github.com/MarkoPoloResearchLab/ledger/api/credit/v1/credit_grpc.pb.go:164.16,166.3 1 0
github.com/MarkoPoloResearchLab/ledger/api/credit/v1/credit_grpc.pb.go:167.2,167.17 1 0
github.com/MarkoPoloResearchLab/ledger/api/credit/v1/credit_grpc.pb.go:195.112,197.2 1 0
github.com/MarkoPoloResearchLab/ledger/api/credit/v1/credit_grpc.pb.go:198.95,200.2 1 0
github.com/MarkoPoloResearchLab/ledger/api/credit/v1/credit_grpc.pb.go:201.99,203.2 1 0
github.com/MarkoPoloResearchLab/ledger/api/credit/v1/credit_grpc.pb.go:204.99,206.2 1 0
github.com/MarkoPoloResearchLab/ledger/api/credit/v1/credit_grpc.pb.go:207.99,209.2 1 0
github.com/MarkoPoloResearchLab/ledger/api/credit/v1/credit_grpc.pb.go:210.95,212.2 1 0
github.com/MarkoPoloResearchLab/ledger/api/credit/v1/credit_grpc.pb.go:213.106,215.2 1 0
github.com/MarkoPoloResearchLab/ledger/api/credit/v1/credit_grpc.pb.go:216.103,218.2 1 0
github.com/MarkoPoloResearchLab/ledger/api/credit/v1/credit_grpc.pb.go:219.121,221.2 1 0
github.com/MarkoPoloResearchLab/ledger/api/credit/v1/credit_grpc.pb.go:222.130,224.2 1 0
github.com/MarkoPoloResearchLab/ledger/api/credit/v1/credit_grpc.pb.go:225.136,227.2 1 0
github.com/MarkoPoloResearchLab/ledger/api/credit/v1/credit_grpc.pb.go:228.86,228.87 0 0
github.com/MarkoPoloResearchLab/ledger/api/credit/v1/credit_grpc.pb.go:229.86,229.87 0 0
github.com/MarkoPoloResearchLab/ledger/api/credit/v1/credit_grpc.pb.go:238.84,243.59 1 0
github.com/MarkoPoloResearchLab/ledger/api/credit/v1/credit_grpc.pb.go:243.59,245.3 1 0
github.com/MarkoPoloResearchLab/ledger/api/credit/v1/credit_grpc.pb.go:246.2,246.52 1 0
github.com/MarkoPoloResearchLab/ledger/api/credit/v1/credit_grpc.pb.go:249.169,251.32 2 0
github.com/MarkoPoloResearchLab/ledger/api/credit/v1/credit_grpc.pb.go:251.32,253.3 1 0
github.com/MarkoPoloResearchLab/ledger/api/credit/v1/credit_grpc.pb.go:254.2,254.24 1 0
github.com/MarkoPoloResearchLab/ledger/api/credit/v1/credit_grpc.pb.go:254.24,256.3 1 0
github.com/MarkoPoloResearchLab/ledger/api/credit/v1/credit_grpc.pb.go:257.2,261.77 2 0
github.com/MarkoPoloResearchLab/ledger/api/credit/v1/credit_grpc.pb.go:261.77,263.3 1 0
github.com/MarkoPoloResearchLab/ledger/api/credit/v1/credit_grpc.pb.go:264.2,264.44 1 0
github.com/MarkoPoloResearchLab/ledger/api/credit/v1/credit_grpc.pb.go:267.164,269.32 2 0
github.com/MarkoPoloResearchLab/ledger/api/credit/v1/credit_grpc.pb.go:269.32,271.3 1 0
github.com/MarkoPoloResearchLab/ledger/api/credit/v1/credit_grpc.pb.go:272.2,272.24 1 0
github.com/MarkoPoloResearchLab/ledger/api/credit/v1/credit_grpc.pb.go:272.24,274.3 1 0
github.com/MarkoPoloResearchLab/ledger/api/credit/v1/credit_grpc.pb.go:275.2,279.77 2 0
github.com/MarkoPoloResearchLab/ledger/api/credit/v1/credit_grpc.pb.go:279.77,281.3 1 0
github.com/MarkoPoloResearchLab/ledger/api/credit/v1/credit_grpc.pb.go:282.2,282.44 1 0
github.com/MarkoPoloResearchLab/ledger/api/credit/v1/credit_grpc.pb.go:285.166,287.32 2 0
github.com/MarkoPoloResearchLab/ledger/api/credit/v1/credit_grpc.pb.go:287.32,289.3 1 0
github.com/MarkoPoloResearchLab/ledger/api/credit/v1/credit_grpc.pb.go:290.2,290.24 1 0
github.com/MarkoPoloResearchLab/ledger/api/credit/v1/credit_grpc.pb.go:290.24,292.3 1 0
github.com/MarkoPoloResearchLab/ledger/api/credit/v1/credit_grpc.pb.go:293.2,297.77 2 0
github.com/MarkoPoloResearchLab/ledger/api/credit/v1/credit_grpc.pb.go:297.77,299.3 1 0
github.com/MarkoPoloResearchLab/ledger/api/credit/v1/credit_grpc.pb.go:300.2,300.44 1 0
github.com/MarkoPoloResearchLab/ledger/api/credit/v1/credit_grpc.pb.go:303.166,305.32 2 0
github.com/MarkoPoloResearchLab/ledger/api/credit/v1/credit_grpc.pb.go:305.32,307.3 1 0
github.com/MarkoPoloResearchLab/ledger/api/credit/v1/credit_grpc.pb.go:308.2,308.24 1 0
github.com/MarkoPoloResearchLab/ledger/api/credit/v1/credit_grpc.pb.go:308.24,310.3 1 0
github.com/MarkoPoloResearchLab/ledger/api/credit/v1/credit_grpc.pb.go:311.2,315.77 2 0
github.com/MarkoPoloResearchLab/ledger/api/credit/v1/credit_grpc.pb.go:315.77,317.3 1 0
github.com/MarkoPoloResearchLab/ledger/api/credit/v1/credit_grpc.pb.go:318.2,318.44 1 0
github.com/MarkoPoloResearchLab/ledger/api/credit/v1/credit_grpc.pb.go:321.166,323.32 2 0
github.com/MarkoPoloResearchLab/ledger/api/credit/v1/credit_grpc.pb.go:323.32,325.3 1 0
github.com/MarkoPoloResearchLab/ledger/api/credit/v1/credit_grpc.pb.go:326.2,326.24 1 0
github.com/MarkoPoloResearchLab/ledger/api/credit/v1/credit_grpc.pb.go:326.24,328.3 1 0
github.com/MarkoPoloResearchLab/ledger/api/credit/v1/credit_grpc.pb.go:329.2,333.77 2 0
github.com/MarkoPoloResearchLab/ledger/api/credit/v1/credit_grpc.pb.go:333.77,335.3 1 0
github.com/MarkoPoloResearchLab/ledger/api/credit/v1/credit_grpc.pb.go:336.2,336.44 1 0
github.com/MarkoPoloResearchLab/ledger/api/credit/v1/credit_grpc.pb.go:339.164,341.32 2 0
github.com/MarkoPoloResearchLab/ledger/api/credit/v1/credit_grpc.pb.go:341.32,343.3 1 0
github.com/MarkoPoloResearchLab/ledger/api/credit/v1/credit_grpc.pb.go:344.2,344.24 1 0
github.com/MarkoPoloResearchLab/ledger/api/credit/v1/credit_grpc.pb.go:344.24,346.3 1 0
github.com/MarkoPoloResearchLab/ledger/api/credit/v1/credit_grpc.pb.go:347.2,351.77 2 0
github.com/MarkoPoloResearchLab/ledger/api/credit/v1/credit_grpc.pb.go:351.77,353.3 1 0
github.com/MarkoPoloResearchLab/ledger/api/credit/v1/credit_grpc.pb.go:354.2,354.44 1 0
github.com/MarkoPoloResearchLab/ledger/api/credit/v1/credit_grpc.pb.go:357.165,359.32 2 0
github.com/MarkoPoloResearchLab/ledger/api/credit/v1/credit_grpc.pb.go:359.32,361.3 1 0
github.com/MarkoPoloResearchLab/ledger/api/credit/v1/credit_grpc.pb.go:362.2,362.24 1 0
github.com/MarkoPoloResearchLab/ledger/api/credit/v1/credit_grpc.pb.go:362.24,364.3 1 0
github.com/MarkoPoloResearchLab/ledger/api/credit/v1/credit_grpc.pb.go:365.2,369.77 2 0
github.com/MarkoPoloResearchLab/ledger/api/credit/v1/credit_grpc.pb.go:369.77,371.3 1 0
github.com/MarkoPoloResearchLab/ledger/api/credit/v1/credit_grpc.pb.go:372.2,372.44 1 0
github.com/MarkoPoloResearchLab/ledger/api/credit/v1/credit_grpc.pb.go:375.164,377.32 2 0
github.com/MarkoPoloResearchLab/ledger/api/credit/v1/credit_grpc.pb.go:377.32,379.3 1 0
github.com/MarkoPoloResearchLab/ledger/api/credit/v1/credit_grpc.pb.go:380.2,380.24 1 0
github.com/MarkoPoloResearchLab/ledger/api/credit/v1/credit_grpc.pb.go:380.24,382.3 1 0
github.com/MarkoPoloResearchLab/ledger/api/credit/v1/credit_grpc.pb.go:383.2,387.77 2 0
github.com/MarkoPoloResearchLab/ledger/api/credit/v1/credit_grpc.pb.go:387.77,389.3 1 0
github.com/MarkoPoloResearchLab/ledger/api/credit/v1/credit_grpc.pb.go:390.2,390.44 1 0
github.com/MarkoPoloResearchLab/ledger/api/credit/v1/credit_grpc.pb.go:393.170,395.32 2 0
github.com/MarkoPoloResearchLab/ledger/api/credit/v1/credit_grpc.pb.go:395.32,397.3 1 0
github.com/MarkoPoloResearchLab/ledger/api/credit/v1/credit_grpc.pb.go:398.2,398.24 1 0
github.com/MarkoPoloResearchLab/ledger/api/credit/v1/credit_grpc.pb.go:398.24,400.3 1 0
github.com/MarkoPoloResearchLab/ledger/api/credit/v1/credit_grpc.pb.go:401.2,405.77 2 0
github.com/MarkoPoloResearchLab/ledger/api/credit/v1/credit_grpc.pb.go:405.77,407.3 1 0
github.com/MarkoPoloResearchLab/ledger/api/credit/v1/credit_grpc.pb.go:408.2,408.44 1 0
github.com/MarkoPoloResearchLab/ledger/api/credit/v1/credit_grpc.pb.go:411.173,413.32 2 0
github.com/MarkoPoloResearchLab/ledger/api/credit/v1/credit_grpc.pb.go:413.32,415.3 1 0
github.com/MarkoPoloResearchLab/ledger/api/credit/v1/credit_grpc.pb.go:416.2,416.24 1 0
github.com/MarkoPoloResearchLab/ledger/api/credit/v1/credit_grpc.pb.go:416.24,418.3 1 0
github.com/MarkoPoloResearchLab/ledger/api/credit/v1/credit_grpc.pb.go:419.2,423.77 2 0
github.com/MarkoPoloResearchLab/ledger/api/credit/v1/credit_grpc.pb.go:423.77,425.3 1 0
github.com/MarkoPoloResearchLab/ledger/api/credit/v1/credit_grpc.pb.go:426.2,426.44 1 0
github.com/MarkoPoloResearchLab/ledger/api/credit/v1/credit_grpc.pb.go:429.175,431.32 2 0
github.com/MarkoPoloResearchLab/ledger/api/credit/v1/credit_grpc.pb.go:431.32,433.3 1 0
github.com/MarkoPoloResearchLab/ledger/api/credit/v1/credit_grpc.pb.go:434.2,434.24 1 0
github.com/MarkoPoloResearchLab/ledger/api/credit/v1/credit_grpc.pb.go:434.24,436.3 1 0
github.com/MarkoPoloResearchLab/ledger/api/credit/v1/credit_grpc.pb.go:437.2,441.77 2 0
github.com/MarkoPoloResearchLab/ledger/api/credit/v1/credit_grpc.pb.go:441.77,443.3 1 0
github.com/MarkoPoloResearchLab/ledger/api/credit/v1/credit_grpc.pb.go:444.2,444.44 1 0
github.com/MarkoPoloResearchLab/ledger/internal/store/gormstore/gormstore.go:47.30,49.2 1 1
github.com/MarkoPoloResearchLab/ledger/internal/store/gormstore/gormstore.go:52.113,53.80 1 1
github.com/MarkoPoloResearchLab/ledger/internal/store/gormstore/gormstore.go:53.80,55.3 1 1
github.com/MarkoPoloResearchLab/ledger/internal/store/gormstore/gormstore.go:58.163,70.16 3 1
github.com/MarkoPoloResearchLab/ledger/internal/store/gormstore/gormstore.go:70.16,72.3 1 1
github.com/MarkoPoloResearchLab/ledger/internal/store/gormstore/gormstore.go:73.2,74.16 2 1
github.com/MarkoPoloResearchLab/ledger/internal/store/gormstore/gormstore.go:74.16,76.3 1 1
github.com/MarkoPoloResearchLab/ledger/internal/store/gormstore/gormstore.go:77.2,77.23 1 1
github.com/MarkoPoloResearchLab/ledger/internal/store/gormstore/gormstore.go:80.106,82.40 2 1
github.com/MarkoPoloResearchLab/ledger/internal/store/gormstore/gormstore.go:82.40,85.3 2 1
github.com/MarkoPoloResearchLab/ledger/internal/store/gormstore/gormstore.go:86.2,88.20 3 1
github.com/MarkoPoloResearchLab/ledger/internal/store/gormstore/gormstore.go:88.20,91.3 2 1
github.com/MarkoPoloResearchLab/ledger/internal/store/gormstore/gormstore.go:92.2,94.17 3 1
github.com/MarkoPoloResearchLab/ledger/internal/store/gormstore/gormstore.go:94.17,97.3 2 1
github.com/MarkoPoloResearchLab/ledger/internal/store/gormstore/gormstore.go:98.2,100.25 3 1
github.com/MarkoPoloResearchLab/ledger/internal/store/gormstore/gormstore.go:100.25,102.3 1 1
github.com/MarkoPoloResearchLab/ledger/internal/store/gormstore/gormstore.go:103.2,115.32 3 1
github.com/MarkoPoloResearchLab/ledger/internal/store/gormstore/gormstore.go:115.32,117.3 1 1
github.com/MarkoPoloResearchLab/ledger/internal/store/gormstore/gormstore.go:118.2,118.16 1 1
github.com/MarkoPoloResearchLab/ledger/internal/store/gormstore/gormstore.go:118.16,120.3 1 1
github.com/MarkoPoloResearchLab/ledger/internal/store/gormstore/gormstore.go:121.2,122.16 2 1
github.com/MarkoPoloResearchLab/ledger/internal/store/gormstore/gormstore.go:122.16,124.3 1 0
github.com/MarkoPoloResearchLab/ledger/internal/store/gormstore/gormstore.go:125.2,125.28 1 1
github.com/MarkoPoloResearchLab/ledger/internal/store/gormstore/gormstore.go:128.125,134.16 3 1
github.com/MarkoPoloResearchLab/ledger/internal/store/gormstore/gormstore.go:134.16,135.45 1 1
github.com/MarkoPoloResearchLab/ledger/internal/store/gormstore/gormstore.go:135.45,137.4 1 1
github.com/MarkoPoloResearchLab/ledger/internal/store/gormstore/gormstore.go:138.3,138.78 1 1
github.com/MarkoPoloResearchLab/ledger/internal/store/gormstore/gormstore.go:140.2,141.16 2 1
github.com/MarkoPoloResearchLab/ledger/internal/store/gormstore/gormstore.go:141.16,143.3 1 0
github.com/MarkoPoloResearchLab/ledger/internal/store/gormstore/gormstore.go:144.2,144.19 1 1
github.com/MarkoPoloResearchLab/ledger/internal/store/gormstore/gormstore.go:147.155,152.16 3 1
github.com/MarkoPoloResearchLab/ledger/internal/store/gormstore/gormstore.go:152.16,153.45 1 1
github.com/MarkoPoloResearchLab/ledger/internal/store/gormstore/gormstore.go:153.45,155.4 1 1
github.com/MarkoPoloResearchLab/ledger/internal/store/gormstore/gormstore.go:156.3,156.78 1 1
github.com/MarkoPoloResearchLab/ledger/internal/store/gormstore/gormstore.go:158.2,159.16 2 1
github.com/MarkoPoloResearchLab/ledger/internal/store/gormstore/gormstore.go:159.16,161.3 1 0
github.com/MarkoPoloResearchLab/ledger/internal/store/gormstore/gormstore.go:162.2,162.19 1 1
github.com/MarkoPoloResearchLab/ledger/internal/store/gormstore/gormstore.go:165.141,174.16 3 1
github.com/MarkoPoloResearchLab/ledger/internal/store/gormstore/gormstore.go:174.16,176.3 1 0
github.com/MarkoPoloResearchLab/ledger/internal/store/gormstore/gormstore.go:177.2,178.16 2 1
github.com/MarkoPoloResearchLab/ledger/internal/store/gormstore/gormstore.go:178.16,180.3 1 1
github.com/MarkoPoloResearchLab/ledger/internal/store/gormstore/gormstore.go:181.2,181.22 1 1
github.com/MarkoPoloResearchLab/ledger/internal/store/gormstore/gormstore.go:184.130,194.16 4 1
github.com/MarkoPoloResearchLab/ledger/internal/store/gormstore/gormstore.go:194.16,196.3 1 1
github.com/MarkoPoloResearchLab/ledger/internal/store/gormstore/gormstore.go:197.2,197.49 1 1
github.com/MarkoPoloResearchLab/ledger/internal/store/gormstore/gormstore.go:200.130,209.16 4 1
github.com/MarkoPoloResearchLab/ledger/internal/store/gormstore/gormstore.go:209.16,211.3 1 1
github.com/MarkoPoloResearchLab/ledger/internal/store/gormstore/gormstore.go:212.2,213.16 2 1
github.com/MarkoPoloResearchLab/ledger/internal/store/gormstore/gormstore.go:213.16,215.3 1 1
github.com/MarkoPoloResearchLab/ledger/internal/store/gormstore/gormstore.go:216.2,216.25 1 1
github.com/MarkoPoloResearchLab/ledger/internal/store/gormstore/gormstore.go:219.98,221.41 2 1
github.com/MarkoPoloResearchLab/ledger/internal/store/gormstore/gormstore.go:221.41,224.3 2 1
github.com/MarkoPoloResearchLab/ledger/internal/store/gormstore/gormstore.go:225.2,233.32 3 1
github.com/MarkoPoloResearchLab/ledger/internal/store/gormstore/gormstore.go:233.32,235.3 1 1
github.com/MarkoPoloResearchLab/ledger/internal/store/gormstore/gormstore.go:236.2,236.16 1 1
github.com/MarkoPoloResearchLab/ledger/internal/store/gormstore/gormstore.go:236.16,238.3 1 1
github.com/MarkoPoloResearchLab/ledger/internal/store/gormstore/gormstore.go:239.2,239.12 1 1
github.com/MarkoPoloResearchLab/ledger/internal/store/gormstore/gormstore.go:242.149,248.16 3 1
github.com/MarkoPoloResearchLab/ledger/internal/store/gormstore/gormstore.go:248.16,249.45 1 1
github.com/MarkoPoloResearchLab/ledger/internal/store/gormstore/gormstore.go:249.45,251.4 1 1
github.com/MarkoPoloResearchLab/ledger/internal/store/gormstore/gormstore.go:252.3,252.90 1 1
github.com/MarkoPoloResearchLab/ledger/internal/store/gormstore/gormstore.go:254.2,255.16 2 1
github.com/MarkoPoloResearchLab/ledger/internal/store/gormstore/gormstore.go:255.16,257.3 1 0
github.com/MarkoPoloResearchLab/ledger/internal/store/gormstore/gormstore.go:258.2,259.16 2 1
github.com/MarkoPoloResearchLab/ledger/internal/store/gormstore/gormstore.go:259.16,261.3 1 0
github.com/MarkoPoloResearchLab/ledger/internal/store/gormstore/gormstore.go:262.2,263.16 2 1
github.com/MarkoPoloResearchLab/ledger/internal/store/gormstore/gormstore.go:263.16,265.3 1 1
github.com/MarkoPoloResearchLab/ledger/internal/store/gormstore/gormstore.go:266.2,267.16 2 1
github.com/MarkoPoloResearchLab/ledger/internal/store/gormstore/gormstore.go:267.16,269.3 1 1
github.com/MarkoPoloResearchLab/ledger/internal/store/gormstore/gormstore.go:270.2,271.28 2 1
github.com/MarkoPoloResearchLab/ledger/internal/store/gormstore/gormstore.go:271.28,273.3 1 1
github.com/MarkoPoloResearchLab/ledger/internal/store/gormstore/gormstore.go:274.2,283.16 2 1
github.com/MarkoPoloResearchLab/ledger/internal/store/gormstore/gormstore.go:283.16,285.3 1 0
github.com/MarkoPoloResearchLab/ledger/internal/store/gormstore/gormstore.go:286.2,286.25 1 1
github.com/MarkoPoloResearchLab/ledger/internal/store/gormstore/gormstore.go:289.171,294.25 2 1
github.com/MarkoPoloResearchLab/ledger/internal/store/gormstore/gormstore.go:294.25,296.3 1 1
github.com/MarkoPoloResearchLab/ledger/internal/store/gormstore/gormstore.go:297.2,297.30 1 1
github.com/MarkoPoloResearchLab/ledger/internal/store/gormstore/gormstore.go:297.30,299.3 1 1
github.com/MarkoPoloResearchLab/ledger/internal/store/gormstore/gormstore.go:300.2,300.12 1 1
github.com/MarkoPoloResearchLab/ledger/internal/store/gormstore/gormstore.go:303.194,305.31 2 1
github.com/MarkoPoloResearchLab/ledger/internal/store/gormstore/gormstore.go:305.31,307.3 1 1
github.com/MarkoPoloResearchLab/ledger/internal/store/gormstore/gormstore.go:309.2,315.30 3 1
github.com/MarkoPoloResearchLab/ledger/internal/store/gormstore/gormstore.go:315.30,317.42 2 1
github.com/MarkoPoloResearchLab/ledger/internal/store/gormstore/gormstore.go:317.42,319.4 1 1
github.com/MarkoPoloResearchLab/ledger/internal/store/gormstore/gormstore.go:320.3,320.51 1 1
github.com/MarkoPoloResearchLab/ledger/internal/store/gormstore/gormstore.go:323.2,323.48 1 1
github.com/MarkoPoloResearchLab/ledger/internal/store/gormstore/gormstore.go:323.48,325.3 1 0
[...]
github.com/MarkoPoloResearchLab/ledger/pkg/ledger/service_batch.go:375.2,377.20 3 1
github.com/MarkoPoloResearchLab/ledger/pkg/ledger/service_batch.go:377.20,379.3 1 1
github.com/MarkoPoloResearchLab/ledger/pkg/ledger/service_batch.go:381.2,381.84 1 1
github.com/MarkoPoloResearchLab/ledger/pkg/ledger/service_batch.go:381.84,383.3 1 1
github.com/MarkoPoloResearchLab/ledger/pkg/ledger/service_batch.go:385.2,386.16 2 1
github.com/MarkoPoloResearchLab/ledger/pkg/ledger/service_batch.go:386.16,388.3 1 0
github.com/MarkoPoloResearchLab/ledger/pkg/ledger/service_batch.go:389.2,390.16 2 1
github.com/MarkoPoloResearchLab/ledger/pkg/ledger/service_batch.go:390.16,392.3 1 0
github.com/MarkoPoloResearchLab/ledger/pkg/ledger/service_batch.go:393.2,393.85 1 1
github.com/MarkoPoloResearchLab/ledger/pkg/ledger/service_batch.go:393.85,395.3 1 1
github.com/MarkoPoloResearchLab/ledger/pkg/ledger/service_batch.go:397.2,409.16 3 1
github.com/MarkoPoloResearchLab/ledger/pkg/ledger/service_batch.go:409.16,411.3 1 0
github.com/MarkoPoloResearchLab/ledger/pkg/ledger/service_batch.go:413.2,414.49 2 1
github.com/MarkoPoloResearchLab/ledger/pkg/ledger/service_batch.go:414.49,416.3 1 1
github.com/MarkoPoloResearchLab/ledger/pkg/ledger/service_batch.go:418.2,419.22 2 1
github.com/MarkoPoloResearchLab/ledger/pkg/ledger/service_batch.go:419.22,421.3 1 1
github.com/MarkoPoloResearchLab/ledger/pkg/ledger/service_batch.go:422.2,422.41 1 1
github.com/MarkoPoloResearchLab/ledger/pkg/ledger/service_batch.go:422.41,424.3 1 1
github.com/MarkoPoloResearchLab/ledger/pkg/ledger/service_batch.go:425.2,425.50 1 1
github.com/MarkoPoloResearchLab/ledger/pkg/ledger/service_extensions.go:6.204,9.2 2 1
github.com/MarkoPoloResearchLab/ledger/pkg/ledger/service_extensions.go:12.218,14.113 2 1
github.com/MarkoPoloResearchLab/ledger/pkg/ledger/service_extensions.go:14.113,16.17 2 1
github.com/MarkoPoloResearchLab/ledger/pkg/ledger/service_extensions.go:16.17,18.4 1 1
github.com/MarkoPoloResearchLab/ledger/pkg/ledger/service_extensions.go:19.3,21.17 3 1
github.com/MarkoPoloResearchLab/ledger/pkg/ledger/service_extensions.go:21.17,23.4 1 1
github.com/MarkoPoloResearchLab/ledger/pkg/ledger/service_extensions.go:24.3,25.17 2 1
github.com/MarkoPoloResearchLab/ledger/pkg/ledger/service_extensions.go:25.17,27.4 1 1
github.com/MarkoPoloResearchLab/ledger/pkg/ledger/service_extensions.go:28.3,30.46 3 1
github.com/MarkoPoloResearchLab/ledger/pkg/ledger/service_extensions.go:30.46,32.4 1 1
github.com/MarkoPoloResearchLab/ledger/pkg/ledger/service_extensions.go:33.3,44.17 2 1
github.com/MarkoPoloResearchLab/ledger/pkg/ledger/service_extensions.go:44.17,46.4 1 1
github.com/MarkoPoloResearchLab/ledger/pkg/ledger/service_extensions.go:47.3,48.13 2 1
github.com/MarkoPoloResearchLab/ledger/pkg/ledger/service_extensions.go:50.2,60.27 2 1
github.com/MarkoPoloResearchLab/ledger/pkg/ledger/service_extensions.go:60.27,62.3 1 1
github.com/MarkoPoloResearchLab/ledger/pkg/ledger/service_extensions.go:63.2,63.28 1 1
github.com/MarkoPoloResearchLab/ledger/pkg/ledger/service_extensions.go:67.197,69.16 2 1
github.com/MarkoPoloResearchLab/ledger/pkg/ledger/service_extensions.go:69.16,71.3 1 1
github.com/MarkoPoloResearchLab/ledger/pkg/ledger/service_extensions.go:72.2,72.91 1 1
github.com/MarkoPoloResearchLab/ledger/pkg/ledger/service_refund.go:9.228,12.2 2 1
github.com/MarkoPoloResearchLab/ledger/pkg/ledger/service_refund.go:15.242,18.102 3 1
github.com/MarkoPoloResearchLab/ledger/pkg/ledger/service_refund.go:18.102,20.17 2 1
github.com/MarkoPoloResearchLab/ledger/pkg/ledger/service_refund.go:20.17,22.4 1 0
github.com/MarkoPoloResearchLab/ledger/pkg/ledger/service_refund.go:24.3,25.17 2 1
github.com/MarkoPoloResearchLab/ledger/pkg/ledger/service_refund.go:25.17,26.43 1 1
github.com/MarkoPoloResearchLab/ledger/pkg/ledger/service_refund.go:26.43,28.5 1 1
github.com/MarkoPoloResearchLab/ledger/pkg/ledger/service_refund.go:29.4,30.14 2 1
github.com/MarkoPoloResearchLab/ledger/pkg/ledger/service_refund.go:32.3,32.39 1 1
github.com/MarkoPoloResearchLab/ledger/pkg/ledger/service_refund.go:32.39,34.4 1 1
github.com/MarkoPoloResearchLab/ledger/pkg/ledger/service_refund.go:36.3,37.17 2 1
github.com/MarkoPoloResearchLab/ledger/pkg/ledger/service_refund.go:37.17,39.4 1 0
github.com/MarkoPoloResearchLab/ledger/pkg/ledger/service_refund.go:40.3,41.21 2 1
github.com/MarkoPoloResearchLab/ledger/pkg/ledger/service_refund.go:41.21,43.4 1 1
github.com/MarkoPoloResearchLab/ledger/pkg/ledger/service_refund.go:45.3,45.85 1 1
github.com/MarkoPoloResearchLab/ledger/pkg/ledger/service_refund.go:45.85,47.4 1 1
github.com/MarkoPoloResearchLab/ledger/pkg/ledger/service_refund.go:49.3,50.17 2 1
github.com/MarkoPoloResearchLab/ledger/pkg/ledger/service_refund.go:50.17,52.4 1 0
github.com/MarkoPoloResearchLab/ledger/pkg/ledger/service_refund.go:53.3,54.17 2 1
github.com/MarkoPoloResearchLab/ledger/pkg/ledger/service_refund.go:54.17,56.4 1 0
github.com/MarkoPoloResearchLab/ledger/pkg/ledger/service_refund.go:57.3,57.76 1 1
github.com/MarkoPoloResearchLab/ledger/pkg/ledger/service_refund.go:57.76,59.4 1 1
github.com/MarkoPoloResearchLab/ledger/pkg/ledger/service_refund.go:61.3,73.17 3 1
github.com/MarkoPoloResearchLab/ledger/pkg/ledger/service_refund.go:73.17,75.4 1 0
github.com/MarkoPoloResearchLab/ledger/pkg/ledger/service_refund.go:76.3,77.49 2 1
github.com/MarkoPoloResearchLab/ledger/pkg/ledger/service_refund.go:77.49,79.24 2 1
github.com/MarkoPoloResearchLab/ledger/pkg/ledger/service_refund.go:79.24,81.5 1 1
github.com/MarkoPoloResearchLab/ledger/pkg/ledger/service_refund.go:82.4,82.43 1 1
github.com/MarkoPoloResearchLab/ledger/pkg/ledger/service_refund.go:82.43,84.5 1 1
github.com/MarkoPoloResearchLab/ledger/pkg/ledger/service_refund.go:85.4,86.14 2 1
github.com/MarkoPoloResearchLab/ledger/pkg/ledger/service_refund.go:88.3,88.13 1 1
github.com/MarkoPoloResearchLab/ledger/pkg/ledger/service_refund.go:91.2,103.27 2 1
github.com/MarkoPoloResearchLab/ledger/pkg/ledger/service_refund.go:103.27,105.3 1 1
github.com/MarkoPoloResearchLab/ledger/pkg/ledger/service_refund.go:106.2,106.28 1 1
github.com/MarkoPoloResearchLab/ledger/pkg/ledger/service_refund.go:110.257,113.2 2 1
github.com/MarkoPoloResearchLab/ledger/pkg/ledger/service_refund.go:116.271,118.102 2 1
github.com/MarkoPoloResearchLab/ledger/pkg/ledger/service_refund.go:118.102,120.17 2 1
github.com/MarkoPoloResearchLab/ledger/pkg/ledger/service_refund.go:120.17,122.4 1 1
github.com/MarkoPoloResearchLab/ledger/pkg/ledger/service_refund.go:123.3,124.17 2 1
github.com/MarkoPoloResearchLab/ledger/pkg/ledger/service_refund.go:124.17,126.4 1 1
github.com/MarkoPoloResearchLab/ledger/pkg/ledger/service_refund.go:127.3,128.13 2 1
github.com/MarkoPoloResearchLab/ledger/pkg/ledger/service_refund.go:130.2,130.27 1 1
github.com/MarkoPoloResearchLab/ledger/pkg/ledger/service_refund.go:130.27,132.3 1 1
github.com/MarkoPoloResearchLab/ledger/pkg/ledger/service_refund.go:133.2,133.121 1 1
github.com/MarkoPoloResearchLab/ledger/pkg/ledger/service_reservations.go:19.174,21.16 2 1
github.com/MarkoPoloResearchLab/ledger/pkg/ledger/service_reservations.go:21.16,23.3 1 1
github.com/MarkoPoloResearchLab/ledger/pkg/ledger/service_reservations.go:24.2,25.16 2 1
github.com/MarkoPoloResearchLab/ledger/pkg/ledger/service_reservations.go:25.16,27.3 1 1
github.com/MarkoPoloResearchLab/ledger/pkg/ledger/service_reservations.go:28.2,29.70 2 1
github.com/MarkoPoloResearchLab/ledger/pkg/ledger/service_reservations.go:33.219,35.16 2 1
github.com/MarkoPoloResearchLab/ledger/pkg/ledger/service_reservations.go:35.16,37.3 1 0
github.com/MarkoPoloResearchLab/ledger/pkg/ledger/service_reservations.go:38.2,39.16 2 1
github.com/MarkoPoloResearchLab/ledger/pkg/ledger/service_reservations.go:39.16,41.3 1 1
github.com/MarkoPoloResearchLab/ledger/pkg/ledger/service_reservations.go:42.2,44.43 3 1
github.com/MarkoPoloResearchLab/ledger/pkg/ledger/service_reservations.go:44.43,46.3 1 1
github.com/MarkoPoloResearchLab/ledger/pkg/ledger/service_reservations.go:47.2,47.20 1 1
github.com/MarkoPoloResearchLab/ledger/pkg/ledger/service_reservations.go:50.98,58.65 4 1
github.com/MarkoPoloResearchLab/ledger/pkg/ledger/service_reservations.go:58.65,60.3 1 1
github.com/MarkoPoloResearchLab/ledger/pkg/ledger/service_reservations.go:61.2,62.55 2 1
github.com/MarkoPoloResearchLab/ledger/pkg/ledger/service_reservations.go:62.55,64.3 1 1
github.com/MarkoPoloResearchLab/ledger/pkg/ledger/service_reservations.go:65.2,75.3 1 1
github.com/MarkoPoloResearchLab/ledger/pkg/ledger/types.go:149.44,151.16 2 1
github.com/MarkoPoloResearchLab/ledger/pkg/ledger/types.go:151.16,153.3 1 1
github.com/MarkoPoloResearchLab/ledger/pkg/ledger/types.go:154.2,154.39 1 1
github.com/MarkoPoloResearchLab/ledger/pkg/ledger/types.go:158.34,160.2 1 1
github.com/MarkoPoloResearchLab/ledger/pkg/ledger/types.go:163.48,165.16 2 1
github.com/MarkoPoloResearchLab/ledger/pkg/ledger/types.go:165.16,167.3 1 1
github.com/MarkoPoloResearchLab/ledger/pkg/ledger/types.go:168.2,168.41 1 1
github.com/MarkoPoloResearchLab/ledger/pkg/ledger/types.go:172.36,174.2 1 1
github.com/MarkoPoloResearchLab/ledger/pkg/ledger/types.go:177.48,179.16 2 1
github.com/MarkoPoloResearchLab/ledger/pkg/ledger/types.go:179.16,181.3 1 1
github.com/MarkoPoloResearchLab/ledger/pkg/ledger/types.go:182.2,182.41 1 1
github.com/MarkoPoloResearchLab/ledger/pkg/ledger/types.go:186.36,188.2 1 1
github.com/MarkoPoloResearchLab/ledger/pkg/ledger/types.go:191.58,193.16 2 1
github.com/MarkoPoloResearchLab/ledger/pkg/ledger/types.go:193.16,195.3 1 1
github.com/MarkoPoloResearchLab/ledger/pkg/ledger/types.go:196.2,196.46 1 1
github.com/MarkoPoloResearchLab/ledger/pkg/ledger/types.go:200.41,202.2 1 1
github.com/MarkoPoloResearchLab/ledger/pkg/ledger/types.go:205.60,207.16 2 1
github.com/MarkoPoloResearchLab/ledger/pkg/ledger/types.go:207.16,209.3 1 1
github.com/MarkoPoloResearchLab/ledger/pkg/ledger/types.go:210.2,210.47 1 1
github.com/MarkoPoloResearchLab/ledger/pkg/ledger/types.go:214.43,216.2 1 1
github.com/MarkoPoloResearchLab/ledger/pkg/ledger/types.go:219.56,221.22 2 1
github.com/MarkoPoloResearchLab/ledger/pkg/ledger/types.go:221.22,223.3 1 1
github.com/MarkoPoloResearchLab/ledger/pkg/ledger/types.go:224.2,224.37 1 1
github.com/MarkoPoloResearchLab/ledger/pkg/ledger/types.go:224.37,226.3 1 1
github.com/MarkoPoloResearchLab/ledger/pkg/ledger/types.go:227.2,227.45 1 1
github.com/MarkoPoloResearchLab/ledger/pkg/ledger/types.go:231.46,233.2 1 1
github.com/MarkoPoloResearchLab/ledger/pkg/ledger/types.go:236.50,238.16 2 1
github.com/MarkoPoloResearchLab/ledger/pkg/ledger/types.go:238.16,240.3 1 1
github.com/MarkoPoloResearchLab/ledger/pkg/ledger/types.go:241.2,241.42 1 1
github.com/MarkoPoloResearchLab/ledger/pkg/ledger/types.go:245.37,247.2 1 1
github.com/MarkoPoloResearchLab/ledger/pkg/ledger/types.go:250.46,252.16 2 1
github.com/MarkoPoloResearchLab/ledger/pkg/ledger/types.go:252.16,254.3 1 1
github.com/MarkoPoloResearchLab/ledger/pkg/ledger/types.go:255.2,255.40 1 1
github.com/MarkoPoloResearchLab/ledger/pkg/ledger/types.go:259.35,261.2 1 1
github.com/MarkoPoloResearchLab/ledger/pkg/ledger/types.go:264.53,265.13 1 1
github.com/MarkoPoloResearchLab/ledger/pkg/ledger/types.go:265.13,267.3 1 1
github.com/MarkoPoloResearchLab/ledger/pkg/ledger/types.go:268.2,268.30 1 1
github.com/MarkoPoloResearchLab/ledger/pkg/ledger/types.go:272.41,274.2 1 1
github.com/MarkoPoloResearchLab/ledger/pkg/ledger/types.go:277.65,279.2 1 1
github.com/MarkoPoloResearchLab/ledger/pkg/ledger/types.go:282.47,284.2 1 1
github.com/MarkoPoloResearchLab/ledger/pkg/ledger/types.go:287.69,288.14 1 1
github.com/MarkoPoloResearchLab/ledger/pkg/ledger/types.go:288.14,290.3 1 1
github.com/MarkoPoloResearchLab/ledger/pkg/ledger/types.go:291.2,291.38 1 1
github.com/MarkoPoloResearchLab/ledger/pkg/ledger/types.go:295.49,297.2 1 1
github.com/MarkoPoloResearchLab/ledger/pkg/ledger/types.go:300.63,302.2 1 1
github.com/MarkoPoloResearchLab/ledger/pkg/ledger/types.go:305.73,307.2 1 1
github.com/MarkoPoloResearchLab/ledger/pkg/ledger/types.go:310.63,311.14 1 1
github.com/MarkoPoloResearchLab/ledger/pkg/ledger/types.go:311.14,313.3 1 1
github.com/MarkoPoloResearchLab/ledger/pkg/ledger/types.go:314.2,314.35 1 1
github.com/MarkoPoloResearchLab/ledger/pkg/ledger/types.go:318.46,320.2 1 1
github.com/MarkoPoloResearchLab/ledger/pkg/ledger/types.go:323.59,325.2 1 1
github.com/MarkoPoloResearchLab/ledger/pkg/ledger/types.go:328.68,330.23 2 1
github.com/MarkoPoloResearchLab/ledger/pkg/ledger/types.go:330.23,332.3 1 1
github.com/MarkoPoloResearchLab/ledger/pkg/ledger/types.go:333.2,333.20 1 1
github.com/MarkoPoloResearchLab/ledger/pkg/ledger/types.go:337.49,339.2 1 1
github.com/MarkoPoloResearchLab/ledger/pkg/ledger/types.go:342.48,343.16 1 1
github.com/MarkoPoloResearchLab/ledger/pkg/ledger/types.go:344.85,345.14 1 1
github.com/MarkoPoloResearchLab/ledger/pkg/ledger/types.go:346.10,347.15 1 1
github.com/MarkoPoloResearchLab/ledger/pkg/ledger/types.go:352.52,354.26 2 1
github.com/MarkoPoloResearchLab/ledger/pkg/ledger/types.go:354.26,356.3 1 1
github.com/MarkoPoloResearchLab/ledger/pkg/ledger/types.go:357.2,357.23 1 1
github.com/MarkoPoloResearchLab/ledger/pkg/ledger/types.go:361.44,363.2 1 1
github.com/MarkoPoloResearchLab/ledger/pkg/ledger/types.go:366.43,367.19 1 1
github.com/MarkoPoloResearchLab/ledger/pkg/ledger/types.go:368.72,369.14 1 1
github.com/MarkoPoloResearchLab/ledger/pkg/ledger/types.go:370.10,371.15 1 1
github.com/MarkoPoloResearchLab/ledger/pkg/ledger/types.go:376.175,377.86 1 1
github.com/MarkoPoloResearchLab/ledger/pkg/ledger/types.go:377.86,379.3 1 1
github.com/MarkoPoloResearchLab/ledger/pkg/ledger/types.go:380.2,380.94 1 1
github.com/MarkoPoloResearchLab/ledger/pkg/ledger/types.go:380.94,382.3 1 1
github.com/MarkoPoloResearchLab/ledger/pkg/ledger/types.go:383.2,383.60 1 1
github.com/MarkoPoloResearchLab/ledger/pkg/ledger/types.go:383.60,385.3 1 1
github.com/MarkoPoloResearchLab/ledger/pkg/ledger/types.go:386.2,386.23 1 1
github.com/MarkoPoloResearchLab/ledger/pkg/ledger/types.go:386.23,388.3 1 1
github.com/MarkoPoloResearchLab/ledger/pkg/ledger/types.go:389.2,395.8 1 1
github.com/MarkoPoloResearchLab/ledger/pkg/ledger/types.go:399.233,400.86 1 1
github.com/MarkoPoloResearchLab/ledger/pkg/ledger/types.go:400.86,402.3 1 1
github.com/MarkoPoloResearchLab/ledger/pkg/ledger/types.go:403.2,403.94 1 1
github.com/MarkoPoloResearchLab/ledger/pkg/ledger/types.go:403.94,405.3 1 1
github.com/MarkoPoloResearchLab/ledger/pkg/ledger/types.go:406.2,406.60 1 1
github.com/MarkoPoloResearchLab/ledger/pkg/ledger/types.go:406.60,408.3 1 1
github.com/MarkoPoloResearchLab/ledger/pkg/ledger/types.go:409.2,409.23 1 1
github.com/MarkoPoloResearchLab/ledger/pkg/ledger/types.go:409.23,411.3 1 1
github.com/MarkoPoloResearchLab/ledger/pkg/ledger/types.go:412.2,420.8 1 1
github.com/MarkoPoloResearchLab/ledger/pkg/ledger/types.go:424.54,426.2 1 1
github.com/MarkoPoloResearchLab/ledger/pkg/ledger/types.go:429.62,431.2 1 1
github.com/MarkoPoloResearchLab/ledger/pkg/ledger/types.go:434.66,436.2 1 1
github.com/MarkoPoloResearchLab/ledger/pkg/ledger/types.go:439.59,441.2 1 1
github.com/MarkoPoloResearchLab/ledger/pkg/ledger/types.go:444.57,446.2 1 1
github.com/MarkoPoloResearchLab/ledger/pkg/ledger/types.go:449.55,451.2 1 1
github.com/MarkoPoloResearchLab/ledger/pkg/ledger/types.go:454.55,456.2 1 1
github.com/MarkoPoloResearchLab/ledger/pkg/ledger/types.go:459.268,460.86 1 1
github.com/MarkoPoloResearchLab/ledger/pkg/ledger/types.go:460.86,462.3 1 1
github.com/MarkoPoloResearchLab/ledger/pkg/ledger/types.go:463.2,463.96 1 1
github.com/MarkoPoloResearchLab/ledger/pkg/ledger/types.go:463.96,465.3 1 1
github.com/MarkoPoloResearchLab/ledger/pkg/ledger/types.go:466.2,466.88 1 1
github.com/MarkoPoloResearchLab/ledger/pkg/ledger/types.go:466.88,468.3 1 1
github.com/MarkoPoloResearchLab/ledger/pkg/ledger/types.go:469.2,469.26 1 1
github.com/MarkoPoloResearchLab/ledger/pkg/ledger/types.go:469.26,470.95 1 1
github.com/MarkoPoloResearchLab/ledger/pkg/ledger/types.go:470.95,472.4 1 1
github.com/MarkoPoloResearchLab/ledger/pkg/ledger/types.go:474.2,474.28 1 1
github.com/MarkoPoloResearchLab/ledger/pkg/ledger/types.go:474.28,475.91 1 1
github.com/MarkoPoloResearchLab/ledger/pkg/ledger/types.go:475.91,477.4 1 1
github.com/MarkoPoloResearchLab/ledger/pkg/ledger/types.go:479.2,479.26 1 1
github.com/MarkoPoloResearchLab/ledger/pkg/ledger/types.go:479.26,481.3 1 1
github.com/MarkoPoloResearchLab/ledger/pkg/ledger/types.go:482.2,482.57 1 1
github.com/MarkoPoloResearchLab/ledger/pkg/ledger/types.go:482.57,484.3 1 1
github.com/MarkoPoloResearchLab/ledger/pkg/ledger/types.go:485.2,495.8 1 1
github.com/MarkoPoloResearchLab/ledger/pkg/ledger/types.go:499.47,501.2 1 1
github.com/MarkoPoloResearchLab/ledger/pkg/ledger/types.go:504.42,506.2 1 1
github.com/MarkoPoloResearchLab/ledger/pkg/ledger/types.go:509.56,511.2 1 1
github.com/MarkoPoloResearchLab/ledger/pkg/ledger/types.go:514.63,515.32 1 1
github.com/MarkoPoloResearchLab/ledger/pkg/ledger/types.go:515.32,517.3 1 1
github.com/MarkoPoloResearchLab/ledger/pkg/ledger/types.go:518.2,518.35 1 1
github.com/MarkoPoloResearchLab/ledger/pkg/ledger/types.go:522.59,523.34 1 1
github.com/MarkoPoloResearchLab/ledger/pkg/ledger/types.go:523.34,525.3 1 1
github.com/MarkoPoloResearchLab/ledger/pkg/ledger/types.go:526.2,526.37 1 1
github.com/MarkoPoloResearchLab/ledger/pkg/ledger/types.go:530.57,532.2 1 1
github.com/MarkoPoloResearchLab/ledger/pkg/ledger/types.go:535.50,537.2 1 1
github.com/MarkoPoloResearchLab/ledger/pkg/ledger/types.go:540.53,542.2 1 1
github.com/MarkoPoloResearchLab/ledger/pkg/ledger/types.go:545.48,547.2 1 1
github.com/MarkoPoloResearchLab/ledger/pkg/ledger/types.go:550.275,551.82 1 1
github.com/MarkoPoloResearchLab/ledger/pkg/ledger/types.go:551.82,553.3 1 1
github.com/MarkoPoloResearchLab/ledger/pkg/ledger/types.go:554.2,555.16 2 1
github.com/MarkoPoloResearchLab/ledger/pkg/ledger/types.go:555.16,557.3 1 1
github.com/MarkoPoloResearchLab/ledger/pkg/ledger/types.go:558.2,569.8 1 1
github.com/MarkoPoloResearchLab/ledger/pkg/ledger/types.go:573.38,575.2 1 1
github.com/MarkoPoloResearchLab/ledger/pkg/ledger/types.go:578.42,580.2 1 1
github.com/MarkoPoloResearchLab/ledger/pkg/ledger/types.go:583.37,585.2 1 1
github.com/MarkoPoloResearchLab/ledger/pkg/ledger/types.go:588.51,590.2 1 1
github.com/MarkoPoloResearchLab/ledger/pkg/ledger/types.go:593.58,594.32 1 1
github.com/MarkoPoloResearchLab/ledger/pkg/ledger/types.go:594.32,596.3 1 1
github.com/MarkoPoloResearchLab/ledger/pkg/ledger/types.go:597.2,597.35 1 1
github.com/MarkoPoloResearchLab/ledger/pkg/ledger/types.go:601.54,602.34 1 1
github.com/MarkoPoloResearchLab/ledger/pkg/ledger/types.go:602.34,604.3 1 1
github.com/MarkoPoloResearchLab/ledger/pkg/ledger/types.go:605.2,605.37 1 1
github.com/MarkoPoloResearchLab/ledger/pkg/ledger/types.go:609.52,611.2 1 1
github.com/MarkoPoloResearchLab/ledger/pkg/ledger/types.go:614.45,616.2 1 1
github.com/MarkoPoloResearchLab/ledger/pkg/ledger/types.go:619.48,621.2 1 1
github.com/MarkoPoloResearchLab/ledger/pkg/ledger/types.go:624.43,626.2 1 1
github.com/MarkoPoloResearchLab/ledger/pkg/ledger/types.go:645.74,647.19 2 1
github.com/MarkoPoloResearchLab/ledger/pkg/ledger/types.go:647.19,649.3 1 1
github.com/MarkoPoloResearchLab/ledger/pkg/ledger/types.go:650.2,650.21 1 1
github.com/MarkoPoloResearchLab/ledger/pkg/ledger/types.go:653.70,654.17 1 1
github.com/MarkoPoloResearchLab/ledger/pkg/ledger/types.go:654.17,656.3 1 1
github.com/MarkoPoloResearchLab/ledger/pkg/ledger/types.go:657.2,657.12 1 1
github.com/MarkoPoloResearchLab/ledger/pkg/ledger/types.go:660.62,661.16 1 1
github.com/MarkoPoloResearchLab/ledger/pkg/ledger/types.go:661.16,663.3 1 1
github.com/MarkoPoloResearchLab/ledger/pkg/ledger/types.go:664.2,664.12 1 1
github.com/MarkoPoloResearchLab/ledger/pkg/ledger/types.go:667.56,668.16 1 1
github.com/MarkoPoloResearchLab/ledger/pkg/ledger/types.go:668.16,670.3 1 1
github.com/MarkoPoloResearchLab/ledger/pkg/ledger/types.go:671.2,671.12 1 1
